                                                          Cloudy 23.01
                                                         www.nublado.org

                                                  PRNG seed: 0x4373884f244596e7

                       **************************************23Jul25**************************************
                       *                                                                                 *
                       * title metal1e-3 1Myr                                                            *
                       * set punch prefix "metal1e-3_1Myr"                                               *
                       * radius = 16.699                                                                 *
                       * hden = 4.000                                                                    *
                       * filling factor = 1.0                                                            *
                       * abundances hii no grains                                                        *
                       * metals 0.001                                                                    *
                       * distance = 100000000000.0 parsecs linear                                        *
                       * no molecules                                                                    *
                       * no level2 lines                                                                 *
                       * no fine opacities                                                               *
                       * atom h-like levels small                                                        *
                       * atom he-like levels small                                                       *
                       * COSMIC RAY BACKGROUND                                                           *
                       * element limit off -8                                                            *
                       * print line optical depth                                                        *
                       * table stars "./kroupa_metal1e-3_1Myr/starburst99.ascii" age=1e6 years           *
                       * #<< ./kroupa_met model    1 read.       Age =      10000.00                 >>> *
                       * #<< ./kroupa_met model    2 read.       Age =    2010000.00                 >>> *
                       * #<< FINAL:     Age =    1000000.00                                          >>> *
                       * luminosity total 38                                                             *
                       * iterate 100                                                                     *
                       * sphere                                                                          *
                       * save last radius ".rad"                                                         *
                       * save last continuum ".cont"                                                     *
                       * save last physical conditions ".phy"                                            *
                       * save last overview ".ovr"                                                       *
                       * save last heating ".heat"                                                       *
                       * save last cooling ".cool"                                                       *
                       * save last optical depth ".opd"                                                  *
                       * save last element hydrogen ".ele_H"                                             *
                       * save last element helium ".ele_He"                                              *
                       * save last element carbon ".ele_C"                                               *
                       * save last element nitrogen ".ele_N"                                             *
                       * save last element oxygen ".ele_O"                                               *
                       * save last element argon ".ele_Ar"                                               *
                       * save last element neon ".ele_Ne"                                                *
                       * save last element sulphur ".ele_S"                                              *
                       * save last element chlorin ".ele_Cl"                                             *
                       * save last element iron ".ele_Fe"                                                *
                       * save last element silicon ".ele_Si"                                             *
                       * save last lines emissivity  ".emis"                                             *
                       *                                                                                 *
                       ***********************************************************************************



 NOTE Setcon: continuum has zero intensity starting at  1.0050e+01 Ryd.
  2665 cells in the incident continuum have zero intensity.  Problems???

           9244CellPeak1.45E+00   Lo 3.04e-09=  29.98m   Hi-Con:7.13E+06 Ryd   E(hi):7.35E+06Ryd     E(hi):     100.00 MeV
           L(nu>1ryd):  37.6379   Average nu:1.652E+00   L( X-ray):   0.0000   L(BalC):  37.6560     Q(Balmer C):  48.5687
           Q(1.0-1.8):  47.9282   Q(1.8-4.0):  47.5545   Q(4.0-20):  43.8668   Q(20--):   0.0000     Ion pht flx:3.839E+13
           L(gam ray):   0.0000   Q(gam ray):   0.0000   L(Infred):  37.0517   Alf(ox):   0.0000     Total lumin:  38.0000
           log L/Lsun:   4.4170   Abs bol mg:  -6.3026   Abs V mag:  -2.9742   Bol cor:  -3.3283     nuFnu(Bbet):  36.6578
           U(1.0----):1.281E-01   U(4.0----):7.813E-06   T(En-Den):6.120E+01   T(Comp):4.363E+04     nuJnu(912A):1.361E+03
           Occ(FarIR):5.266E+03   Occ(H n=6):9.246E-10   Occ(1Ryd):6.709E-14   Occ(4R):7.922E-19     Occ (Nu-hi):0.000E+00
           Tbr(FarIR):2.532E+00   Tbr(H n=6):4.049E-06   Tbr(1Ryd):1.059E-08   Tbr(4R):5.011E-13     Tbr (Nu-hi):0.000E+00
  
                                                  Gas Phase Chemical Composition
                     H :  0.0000  He: -1.0223  C : -6.5229  N : -7.1549  O : -6.3979  Ne: -7.2218  S : -8.0000
 
 ####  1  Te:3.085E+04 Hden:1.000E+04 Ne:1.115E+04 R:5.000E+16 R-R0:6.396E+11 dR:1.279E+12 NTR:  7 Htot:1.642E-16 T912: 1.00e+08###
 Hydrogen      2.07e-05 1.00e+00 H+o/Hden 1.00e+00 0.00e+00 H-    H2 0.00e+00 0.00e+00 H2+ HeH+ 0.00e+00 Ho+ ColD 2.65e+11 1.28e+16
 Helium        2.59e-05 7.81e-01 2.19e-01 HeI 2s3S 6.14e-07 Comp H,C 6.94e-22 4.91e-22 Fill Fac 1.00e+00 Gam1/tot 9.94e-01
 He singlet n  2.53e-05 4.14e-12 9.75e-19 1.05e-18 6.31e-19 8.80e-19 He tripl 6.14e-07 3.51e-16 5.06e-18 2.29e-17 3.88e-18
 Pressure      NgasTgas 6.82e+08 P(total) 9.41e-08 P( gas ) 9.41e-08 P(Radtn) 0.00e+00 Rad accl 2.62e-04 ForceMul 7.66e+03
 Texc(La)      4.17e+03 T(I con) 6.12e+01 T(D con) 5.65e+00 T(U tot) 6.12e+01 nT (c+d) 1.62e+07 Prad/Gas 0.00e+00 Pmag/Gas 0.00e+00
 Lithium       0.00e+00 0.00e+00 0.00e+00 0.00e+00 Berylliu 0.00e+00 0.00e+00 0.00e+00 0.00e+00 0.00e+00 sec ion: 3.42e-17
 Carbon        4.01e-08 7.34e-04 3.16e-01 6.81e-01 2.44e-03 0.00e+00 0.00e+00 H2O+/O   0.00e+00 OH+/Otot 0.00e+00 Hex(tot) 0.00e+00
 Nitrogen      7.41e-09 2.00e-04 1.45e-01 8.55e-01 1.76e-05 0.00e+00 0.00e+00 0.00e+00 O2/Ototl 0.00e+00 O2+/Otot 0.00e+00
 Oxygen        1.68e-08 7.57e-04 9.15e-01 8.46e-02 2.65e-06 0.00e+00 0.00e+00 0.00e+00 0.00e+00
 Neon          5.91e-09 8.26e-04 9.82e-01 1.75e-02 0.00e+00 0.00e+00 0.00e+00 0.00e+00 0.00e+00 0.00e+00 0.00e+00
 Sulphur    0  1.16e-09 1.42e-04 9.88e-02 6.95e-01 2.06e-01 2.90e-06 0.00e+00 0.00e+00 0.00e+00 0.00e+00 0.00e+00 0.00e+00 0.00e+00
 ####343  Te:3.932E+03 Hden:1.000E+04 Ne:2.100E+01 R:2.946E+17 R-R0:2.446E+17 dR:1.375E+15 NTR: 12 Htot:1.165E-21 T912: 1.00e+08###
 Hydrogen      9.98e-01 2.10e-03 H+o/Hden 1.00e+00 0.00e+00 H-    H2 0.00e+00 0.00e+00 H2+ HeH+ 0.00e+00 Ho+ ColD 3.42e+20 2.11e+21
 Helium        1.00e+00 3.72e-06 3.58e-12 HeI 2s3S 5.23e-15 Comp H,C 1.81e-26 3.35e-27 Fill Fac 1.00e+00 Gam1/tot 2.95e-02
 He singlet n  1.00e+00 5.64e-19 1.54e-23 3.18e-26 7.85e-25 4.96e-26 He tripl 5.23e-15 5.34e-24 5.33e-26 6.44e-25 1.36e-25
 Pressure      NgasTgas 4.31e+07 P(total) 6.00e-09 P( gas ) 5.96e-09 P(Radtn) 4.09e-11 Rad accl 5.21e-06 ForceMul 2.82e+06
 Texc(La)      4.31e+03 T(I con) 2.18e+01 T(D con) 2.03e+01 T(U tot) 2.51e+01 nT (c+d) 1.02e+07 Prad/Gas 6.82e-03 Pmag/Gas 0.00e+00
 Lithium       0.00e+00 0.00e+00 0.00e+00 0.00e+00 Berylliu 0.00e+00 0.00e+00 0.00e+00 0.00e+00 0.00e+00 sec ion: 1.78e-16
 Carbon        2.41e-06 1.00e+00 1.81e-08 0.00e+00 0.00e+00 0.00e+00 0.00e+00 H2O+/O   0.00e+00 OH+/Otot 0.00e+00 Hex(tot) 0.00e+00
 Nitrogen      4.08e-01 5.92e-01 1.32e-11 0.00e+00 0.00e+00 0.00e+00 0.00e+00 0.00e+00 O2/Ototl 0.00e+00 O2+/Otot 0.00e+00
 Oxygen        9.98e-01 1.63e-03 5.31e-14 0.00e+00 0.00e+00 0.00e+00 0.00e+00 0.00e+00 0.00e+00
 Neon          1.00e+00 1.79e-05 1.71e-11 0.00e+00 0.00e+00 0.00e+00 0.00e+00 0.00e+00 0.00e+00 0.00e+00 0.00e+00
 Sulphur    0  1.80e-06 1.00e+00 5.97e-07 0.00e+00 0.00e+00 0.00e+00 0.00e+00 0.00e+00 0.00e+00 0.00e+00 0.00e+00 0.00e+00 0.00e+00
   metal1e-3 1Myr  
   Calculation stopped because lowest Te reached. Iteration 1 of 100
   The geometry is spherical.
  !Some input lines contained underscores, these were changed to spaces.
  !Suprathermal collisional ionization of H reached 97.20% of the local H ionization rate.
  !Charge transfer H => H+ reached 12584.5% of the local H ionization rate.
  !Charge transfer heating reached 13.58% of the local heating.
  !Destruction of He 2TriS reached 21.2% of the total He0 dest rate at zone 206, 21.2% of that was photoionization.
  !Continuum zero at some energies.
  !AGE: Cloud age was not set.  Longest timescale was 7.87e+12 s = 2.49e+05 years.
  !A physical process has been disabled.
  !The excitation temp of Lya exceeded the electron temp, largest value was 4.31e+03K (gas temp there was 3.93e+03K, zone 343)
  !The CMB was not included.  This is added with the CMB command.
  !The level2 lines are disabled.  UV pumping of excited levels within ground terms is not treated.
  !The radiation pressure jumped by 170% from 4.35e-09 (zone 50) to 4.35e-09 (zone 51) to 1.04e-08 (zone 52)
   Thermal collisional ionization of H reached 1.34% of the local ionization rate.
   Te-ne bounds of Case B lookup table exceeded, H I Case B line intensities set to zero.
   Photoionization of upper levels of [O III] reached 1.1% of the total O++ photo rate.
   The density is too low to l-mix the lowest H  I collapsed level.  More resolved levels are needed for accurate line ratios.
   The density is too low to l-mix the lowest He I collapsed level.  More resolved levels are needed for accurate line ratios.
   The largest continuum occupation number was 5.266e+03 at 3.045e-09 Ryd.
   Grains were not present but might survive in this environment (energy density temperature was 6.12e+01K)
   Stimulated emission was   2.4% of the total for H transition 24 - 23
   The continuum optical depth at the lowest energy considered (3.045e-09 Ryd) was 1.302e+04.
   The ratio of radiation to gas pressure reached 1.65e-01 at zone 52.  Caused by line number 2, label ISO   H  1                6562.80A

                       *********************************> Cloudy 23.01 <**********************************
                       * title metal1e-3 1Myr                                                            *
                       * set punch prefix "metal1e-3_1Myr"                                               *
                       * radius = 16.699                                                                 *
                       * hden = 4.000                                                                    *
                       * filling factor = 1.0                                                            *
                       * abundances hii no grains                                                        *
                       * metals 0.001                                                                    *
                       * distance = 100000000000.0 parsecs linear                                        *
                       * no molecules                                                                    *
                       * no level2 lines                                                                 *
                       * no fine opacities                                                               *
                       * atom h-like levels small                                                        *
                       * atom he-like levels small                                                       *
                       * COSMIC RAY BACKGROUND                                                           *
                       * element limit off -8                                                            *
                       * print line optical depth                                                        *
                       * table stars "./kroupa_metal1e-3_1Myr/starburst99.ascii" age=1e6 years           *
                       * luminosity total 38                                                             *
                       * iterate 100                                                                     *
                       * sphere                                                                          *
                       * save last radius ".rad"                                                         *
                       * save last continuum ".cont"                                                     *
                       * save last physical conditions ".phy"                                            *
                       * save last overview ".ovr"                                                       *
                       * save last heating ".heat"                                                       *
                       * save last cooling ".cool"                                                       *
                       * save last optical depth ".opd"                                                  *
                       * save last element hydrogen ".ele_H"                                             *
                       * save last element helium ".ele_He"                                              *
                       * save last element carbon ".ele_C"                                               *
                       * save last element nitrogen ".ele_N"                                             *
                       * save last element oxygen ".ele_O"                                               *
                       * save last element argon ".ele_Ar"                                               *
                       * save last element neon ".ele_Ne"                                                *
                       * save last element sulphur ".ele_S"                                              *
                       * save last element chlorin ".ele_Cl"                                             *
                       * save last element iron ".ele_Fe"                                                *
                       * save last element silicon ".ele_Si"                                             *
                       * save last lines emissivity  ".emis"                                             *
                       * H  1  4861.33A                                                                  *
                       * H  1  6562.81A                                                                  *
                       * Ca B  5875.64A                                                                  *
                       * N  2  6583.45A                                                                  *
                       * N  2  5756.20A                                                                  *
                       * N  2  6585.30A                                                                  *
                       * O  1  6300.30A                                                                  *
                       * O  2  3726.03A                                                                  *
                       * O  2  3727.10A                                                                  *
                       * O  2  3729.80A                                                                  *
                       * O  2  3728.81A                                                                  *
                       * S  2  6716.44A                                                                  *
                       * S  2  6718.30A                                                                  *
                       * S  2  6730.82A                                                                  *
                       * S  2  6732.70A                                                                  *
                       * O  3  4364.40A                                                                  *
                       * O  3  5006.84A                                                                  *
                       * O  3  5008.20A                                                                  *
                       * BLND  4363.00A                                                                  *
                       * Cl 3  5517.71A                                                                  *
                       * Cl 3  5537.87A                                                                  *
                       * O  1  63.1679m                                                                  *
                       * O  1  145.495m                                                                  *
                       * C  2  157.636m                                                                  *
                       * end of lines                                                                    *
                       *********************************> Log(U): -0.89 <*********************************

                     Emission Line Spectrum.   Constant  Density Model.  Closed geometry.  Iteration 1 of 100.
                                    Luminosity (erg/s) emitted by a shell with full coverage.


                                                   Intrinsic line intensities
general properties.............................      H  1                13.1258m   34.198    0.0264      He 1                584.334A   35.518    0.5516
Inci                      0    38.000  167.5183      H  1                15.4046m   34.094    0.0208      He 1                537.030A   34.787    0.1026
TotH                      0    37.216   27.5647      H  1                17.8657m   33.998    0.0167      He 1                522.321A   33.914    0.0137
TotC                      0    37.216   27.5660      H  1                20.5091m   34.929    0.1421      He 1                515.672A   33.763    0.0097
BFH1                      0    37.158   24.1107      He 2                227.838A   33.379    0.0040      He 1                512.130A   33.686    0.0081
BFHe                      0    36.313    3.4474      He 1                504.259A   36.397    4.1749      He 1                510.018A   33.640    0.0073
CT H                      0    33.545    0.0059      He 1                2599.69A   34.989    0.1635      He 1                508.657A   33.606    0.0068
H FB                      0    36.367    3.9033      He 1                3120.85A   34.462    0.0486      He 1                507.727A   33.580    0.0064
HFBc                      0    36.367    3.9033      He 1                3421.00A   34.394    0.0415      He 1                507.065A   33.564    0.0061
H  1c                     0    37.000   16.7603      He 1                3420.88A   34.871    0.1245      He 1                506.576A   33.560    0.0061
He 2c                     0    33.149    0.0024      He 1                3420.88A   35.093    0.2075      He 1                506.204A   33.591    0.0065
He 1c                     0    35.997    1.6653      He 1                3678.70A   34.650    0.0749      He 1                505.916A   34.192    0.0261
C  2c                     0    32.963    0.0015      He 1                6632.16A   34.155    0.0239      He 1                1.08291m   34.662    0.0769
C  3c                     0    34.427    0.0448      He 1                7435.20A   33.703    0.0085      He 1                1.08303m   35.408    0.4284
N  4c                     0    33.205    0.0027      He 1                7843.40A   34.661    0.0767      He 1                1.08303m   35.794    1.0434
Ne 3c                     0    33.501    0.0053      He 1                8188.35A   34.329    0.0357      Blnd                1.08302m   35.966    1.5488
O  2c                     0    33.172    0.0025      He 1                8190.64A   33.837    0.0115      He 1                3888.64A   34.435    0.0456
O  3c                     0    34.734    0.0908      He 1                8261.30A   34.017    0.0174      He 1                3163.94A   33.265    0.0031
S  3c                     0    33.505    0.0054      He 1                1.45783m   34.590    0.0651      He 1                2934.64A   33.205    0.0027
C  4c                     0    34.270    0.0312      He 1                2.27786m   34.306    0.0339      He 1                2823.48A   33.136    0.0023
N  3c                     0    33.266    0.0031      He 1                3.28012m   34.073    0.0198      He 1                2760.44A   33.047    0.0019
S  4c                     0    33.039    0.0018      He 1                4.46460m   33.875    0.0126      He 1                2721.00A   32.951    0.0015
continua.......................................      He 1                5.83132m   33.703    0.0085      He 1                2694.61A   32.857    0.0012
Bac                 3646.00A   36.771    9.8897      He 1                7.38026m   33.551    0.0060      He 1                2644.33A   33.213    0.0027
nFnu                3645.00A   36.959   15.2501      He 1                9.11143m   33.415    0.0044      He 1                5015.68A   33.718    0.0088
nFnu                3647.00A   36.505    5.3604      He 1                11.0248m   33.292    0.0033      He 1                3970.98A   32.780    0.0010
cout                3646.00A   36.771    9.8897      He 1                13.1205m   33.180    0.0025      He 1                7065.71A   34.146    0.0235
thin                3646.00A   36.771    9.8937      He 1                15.3983m   34.096    0.0209      He 1                7065.22A   34.623    0.0704
Inci                4860.00A   36.658    7.6201      grains.........................................      He 1                7065.18A   34.845    0.1173
Inci                1367.00A   37.647   74.2341      H-like iso-sequence............................      Blnd                7065.25A   35.101    0.2112
Inci                2066.00A   37.360   38.3807      Cool                1215.67A   36.763    9.6978      He 1                5875.98A   34.240    0.0291
Inci                1215.00A   37.663   77.1157      Crst                960.000A   36.625    7.0623      He 1                5875.64A   34.717    0.0873
Ba C                      0    36.337    3.6393      CION                      0    35.428    0.4488      He 1                5875.61A   34.939    0.1455
PA C                      0    35.892    1.3061      Dest                1215.67A   33.954    0.0151      Blnd                5875.66A   35.194    0.2620
FIR                 83.0000m   36.651    7.5060      Q(H)                4861.32A   35.758    0.9598      He 1                4469.98A   33.055    0.0019
TIR                 1800.00m   34.469    0.0493      Q(H)                1215.67A   37.295   33.0175      He 1                4469.78A   33.532    0.0057
NIRa                2.85000m   36.893   13.0885      CaBo                4861.32A   35.730    0.9005      He 1                4469.77A   33.754    0.0095
NIRb                3.00000m   36.575    6.3018      Ca A                937.803A   35.515    0.5488      Blnd                4469.79A   34.009    0.0171
MIRa                15.0000m   36.183    2.5529      Ca A                930.748A   35.312    0.3436      He 1                4025.61A   32.927    0.0014
MIRb                22.5000m   36.371    3.9349      Ca A                926.226A   35.137    0.2297      He 1                4025.45A   33.404    0.0042
NMIR                21.7500m   36.893   13.0885      Ca A                923.150A   34.984    0.1615      He 1                4025.44A   33.626    0.0071
TFIR                611.250m   36.141    2.3169      Ca A                920.963A   34.849    0.1183      Blnd                4025.46A   33.881    0.0127
TALL                10000.0A   37.997  166.2829      Ca A                919.351A   34.729    0.0897      He 1                3819.36A   32.825    0.0011
F12                 12.0000m   35.700    0.8392      Ca A                918.129A   34.622    0.0701      He 1                3819.21A   33.302    0.0034
F25                 25.0000m   35.815    1.0942      Ca A                917.181A   34.527    0.0564      He 1                3819.20A   33.524    0.0056
F60                 60.0000m   36.254    3.0032      Ca A                916.429A   34.443    0.0465      Blnd                3819.22A   33.779    0.0101
F100                100.000m   36.062    1.9328      Ca A                915.824A   34.369    0.0392      He 1                3704.76A   33.195    0.0026
MIPS                24.0000m   35.501    0.5307      Ca A                3970.07A   34.772    0.0991      He 1                3704.75A   33.417    0.0044
MIPS                70.0000m   35.894    1.3127      Ca A                3889.05A   34.594    0.0659      Blnd                3704.77A   33.673    0.0079
MIPS                160.000m   35.667    0.7780      Ca A                3835.38A   34.439    0.0460      He 1                3634.08A   33.088    0.0021
IRAC                3.60000m   35.290    0.3267      Ca A                3797.90A   34.300    0.0334      He 1                3634.07A   33.310    0.0034
IRAC                4.50000m   35.336    0.3633      Ca A                3770.63A   34.175    0.0251      Blnd                3634.09A   33.566    0.0062
IRAC                5.80000m   35.241    0.2916      Ca A                3750.15A   34.061    0.0193      He 1                3587.16A   32.987    0.0016
IRAC                8.00000m   35.443    0.4643      Ca A                3734.37A   33.956    0.0151      He 1                3587.15A   33.208    0.0027
SPR1                250.000m   35.252    0.2990      Ca A                3721.94A   33.859    0.0121      Blnd                3587.17A   33.464    0.0049
SPR2                350.000m   34.827    0.1125      Ca A                3711.97A   33.769    0.0098      He 1                3554.34A   32.895    0.0013
SPR3                500.000m   34.464    0.0488      Ca A                1.28181m   34.832    0.1137      He 1                3554.33A   33.117    0.0022
PAC1                70.0000m   35.956    1.5149      Ca A                1.09381m   34.583    0.0641      Blnd                3554.35A   33.373    0.0040
PAC2                100.000m   36.067    1.9548      Ca A                1.00494m   34.375    0.0397      He 1                3530.44A   32.822    0.0011
PAC3                160.000m   35.924    1.4071      Ca A                9545.97A   34.196    0.0263      He 1                3530.43A   33.044    0.0019
PAH                 3.30000m   34.483    0.0509      Ca A                9229.02A   34.039    0.0183      Blnd                3530.44A   33.299    0.0033
PAHC                3.23000m   34.174    0.0250      Ca A                9014.91A   33.900    0.0133      He 1                3512.47A   32.790    0.0010
PAHC                3.37000m   34.107    0.0214      Ca A                8862.79A   33.774    0.0100      He 1                3512.46A   33.012    0.0017
PAH                 6.20000m   34.766    0.0976      Ca A                8750.48A   33.659    0.0076      Blnd                3512.48A   33.267    0.0031
PAHC                5.65000m   34.794    0.1043      Ca A                8665.02A   33.553    0.0060      He 1                3498.73A   32.857    0.0012
PAH                 7.90000m   35.027    0.1784      Ca A                8598.40A   33.455    0.0048      He 1                3498.61A   33.334    0.0036
PAHC                6.90000m   35.011    0.1718      Ca A                8545.39A   33.363    0.0039      He 1                3498.60A   33.556    0.0060
PAH                 11.3000m   34.498    0.0527      Ca A                4.05115m   34.505    0.0535      Blnd                3498.62A   33.811    0.0108
PAHC                10.9000m   34.490    0.0517      Ca A                2.62515m   34.276    0.0317      He 1                7281.35A   34.086    0.0204
PAH                 11.8000m   34.715    0.0868      Ca A                2.16553m   34.071    0.0197      He 1                6678.15A   34.536    0.0575
PAHC                12.6500m   34.738    0.0917      Ca A                1.94456m   33.893    0.0131      He 1                4920.34A   33.394    0.0041
PAH                 13.3000m   34.754    0.0950      Ca A                1.81741m   33.736    0.0091      He 1                4387.26A   33.254    0.0030
PAHC                14.1000m   34.747    0.0935      Ca A                1.73621m   33.597    0.0066      He 1                4143.41A   33.146    0.0023
Bcon                3640.00A   37.898  132.3124      Ca A                1.68065m   33.470    0.0049      He 1                4009.05A   33.036    0.0018
Pcon                5000.00A   36.954   15.0512      Ca A                1.64072m   33.355    0.0038      He 1                3926.41A   32.927    0.0014
O3bn                5007.00A   35.317    0.3478      Ca A                1.61093m   33.249    0.0030      He 1                3871.69A   32.823    0.0011
HFFc                      0    36.360    3.8392      Ca A                1.58805m   33.150    0.0024      He 1                3768.74A   33.169    0.0025
H FF                      0    36.320    3.5035      Ca A                1.57007m   33.058    0.0019      He 1                4.29471m   34.090    0.0206
HeFF                      0    35.301    0.3347      Ca A                7.45782m   33.998    0.0167      He 1                1.21677m   32.793    0.0010
ToFF                      0    36.360    3.8383      Ca A                4.65251m   33.818    0.0110      He 1                1.69778m   33.918    0.0139
nFnu                9993.08m   32.780    0.0010      Ca A                3.73954m   33.645    0.0074      He 1                1.19625m   33.582    0.0064
nFnu                6917.22m   32.921    0.0014      Ca A                3.29609m   33.490    0.0052      He 1                1.03083m   33.320    0.0035
nFnu                122.400m   34.413    0.0433      Ca A                3.03837m   33.350    0.0038      He 1                9515.00A   33.108    0.0021
nInu                122.400m   36.473    4.9737      Ca A                2.87221m   33.224    0.0028      He 1                9062.34A   32.932    0.0014
nFnu                60.8322m   34.660    0.0765      Ca A                2.75752m   33.109    0.0022      He 1                8776.09A   32.784    0.0010
nInu                60.8322m   36.424    4.4516      Ca A                2.67440m   33.003    0.0017      He 1                8264.36A   33.042    0.0018
nFnu                41.2152m   34.797    0.1050      Ca A                2.61194m   32.904    0.0013      He 1                1.86814m   34.274    0.0315
nInu                41.2152m   36.312    3.4376      Ca A                2.56363m   32.811    0.0011      He 1                1.27839m   33.766    0.0098
nFnu                30.8695m   34.898    0.1326      Ca A                12.3685m   33.571    0.0062      He 1                1.09125m   33.430    0.0045
nInu                30.8695m   36.210    2.7154      Ca A                7.50045m   33.426    0.0045      He 1                1.00275m   33.178    0.0025
nFnu                24.7829m   34.975    0.1581      Ca A                5.90660m   33.277    0.0032      He 1                9526.01A   32.978    0.0016
nInu                24.7829m   36.130    2.2622      Ca A                5.12726m   33.140    0.0023      He 1                9210.23A   32.814    0.0011
nFnu                24.2998m   34.982    0.1606      Ca A                4.67124m   33.015    0.0017      He 1                8648.24A   33.042    0.0018
nInu                24.2998m   36.123    2.2250      Ca A                4.37526m   32.901    0.0013      He 1                1.86933m   33.792    0.0104
nFnu                22.8302m   35.003    0.1685      Ca A                4.16966m   32.795    0.0010      He 1                1.27894m   33.282    0.0032
nInu                22.8302m   36.102    2.1169      Ca A                19.0567m   33.202    0.0027      He 1                1.09166m   32.945    0.0015
nFnu                21.4199m   35.024    0.1772      Ca A                11.3056m   33.083    0.0020      He 1                1.90654m   33.397    0.0042
nInu                21.4199m   36.079    2.0085      Ca A                8.75768m   32.954    0.0015      He 1                1.29626m   33.042    0.0018
nFnu                21.1235m   35.030    0.1796      Ca A                7.50606m   32.832    0.0011      He 1                4.04953m   33.697    0.0083
nInu                21.1235m   36.073    1.9810      Ca A                27.7958m   32.879    0.0013      He 1                2.62409m   33.419    0.0044
nFnu                19.6199m   35.067    0.1955      Ca A                16.2047m   32.779    0.0010      He 1                2.16466m   33.194    0.0026
nInu                19.6199m   36.046    1.8607      Ca B                3970.07A   34.950    0.1493      He 1                1.94377m   33.009    0.0017
nFnu                17.6534m   35.104    0.2129      Ca B                3889.05A   34.770    0.0985      He 1                1.81668m   32.855    0.0012
nInu                17.6534m   36.004    1.6921      Ca B                3835.38A   34.612    0.0686      He 1                1.61028m   33.095    0.0021
nFnu                17.3700m   35.110    0.2158      Ca B                3797.90A   34.472    0.0497      He 1                7.45481m   33.092    0.0021
nInu                17.3700m   35.998    1.6664      Ca B                3770.63A   34.347    0.0372      He 1                4.65063m   32.891    0.0013
nFnu                15.6901m   35.146    0.2343      Ca B                3750.15A   34.233    0.0287      He 1                2.67332m   32.811    0.0011
nInu                15.6901m   35.956    1.5154      Ca B                3734.37A   34.130    0.0226      Ca B                2945.10A   34.218    0.0277
nFnu                14.6036m   35.173    0.2497      Ca B                3721.94A   34.035    0.0182      Ca B                3187.74A   34.571    0.0624
nInu                14.6036m   35.929    1.4210      Ca B                3711.97A   33.948    0.0149      Ca B                3613.64A   33.651    0.0075
nFnu                12.4300m   35.232    0.2858      Ca B                1.28181m   34.904    0.1343      Ca B                3888.64A   35.030    0.1796
nInu                12.4300m   35.863    1.2229      Ca B                1.09381m   34.658    0.0762      Ca B                3964.73A   33.952    0.0150
nFnu                11.4000m   35.262    0.3060      Ca B                1.00494m   34.450    0.0473      Ca B                4026.20A   34.182    0.0254
nInu                11.4000m   35.829    1.1293      Ca B                9545.97A   34.272    0.0313      Ca B                4120.82A   33.412    0.0043
nFnu                10.4600m   35.294    0.3300      Ca B                9229.02A   34.116    0.0219      Ca B                4387.93A   33.634    0.0072
nInu                10.4600m   35.794    1.0428      Ca B                9014.91A   33.977    0.0159      Ca B                4437.55A   32.929    0.0014
nFnu                9.48002m   35.327    0.3559      Ca B                8862.79A   33.851    0.0119      Ca B                4471.49A   34.542    0.0583
nInu                9.48002m   35.755    0.9531      Ca B                8750.48A   33.737    0.0092      Ca B                4713.16A   33.858    0.0121
nFnu                9.32488m   35.333    0.3606      Ca B                8665.02A   33.633    0.0072      Ca B                4921.93A   33.989    0.0163
nInu                9.32488m   35.748    0.9382      Ca B                8598.40A   33.537    0.0058      Ca B                5015.68A   34.367    0.0390
nFnu                8.21035m   35.380    0.4021      Ca B                8545.39A   33.448    0.0047      Ca B                5047.74A   33.333    0.0036
nInu                8.21035m   35.696    0.8323      Ca B                4.05115m   34.539    0.0579      Ca B                5875.64A   35.116    0.2187
nFnu                7.58000m   35.407    0.4277      Ca B                2.62515m   34.315    0.0346      Ca B                6678.15A   34.570    0.0622
nInu                7.58000m   35.663    0.7714      Ca B                2.16553m   34.113    0.0217      Ca B                7065.22A   34.705    0.0850
nFnu                7.05026m   35.438    0.4592      Ca B                1.94456m   33.936    0.0145      Ca B                7281.35A   33.957    0.0152
nInu                7.05026m   35.633    0.7194      Ca B                1.81741m   33.781    0.0101      Ca B                9463.58A   32.961    0.0015
nFnu                4.11370m   35.637    0.7268      Ca B                1.73621m   33.642    0.0073      Ca B                1.08303m   36.145    2.3405
nInu                4.11370m   35.515    0.5489      Ca B                1.68065m   33.516    0.0055      Ca B                1.19691m   33.185    0.0026
nFnu                2.32440m   35.832    1.1375      Ca B                1.64072m   33.402    0.0042      Ca B                1.25275m   33.076    0.0020
nInu                2.32440m   35.690    0.8209      Ca B                1.61093m   33.297    0.0033      Ca B                1.27849m   33.690    0.0082
nFnu                1.64313m   35.967    1.5529      Ca B                1.58805m   33.200    0.0027      Ca B                1.27905m   33.310    0.0034
nInu                1.64313m   35.876    1.2593      Ca B                1.57007m   33.110    0.0022      Ca B                1.70025m   33.391    0.0041
nFnu                1.48022m   35.992    1.6450      Ca B                7.45782m   34.023    0.0177      Ca B                1.86854m   34.140    0.0231
nInu                1.48022m   35.888    1.2955      Ca B                4.65251m   33.845    0.0117      Ca B                1.86972m   33.831    0.0114
nFnu                1.43649m   36.085    2.0355      Ca B                3.73954m   33.674    0.0079      Ca B                1.90894m   32.955    0.0015
nInu                1.43649m   36.049    1.8763      Ca B                3.29609m   33.520    0.0055      Ca B                1.95431m   32.842    0.0012
nFnu                1.11867m   36.139    2.3073      Ca B                3.03837m   33.381    0.0040      Ca B                2.05813m   34.605    0.0675
nInu                1.11867m   36.134    2.2809      Ca B                2.87221m   33.256    0.0030      Ca B                2.11202m   33.042    0.0018
nFnu                8329.68A   36.193    2.6139      Ca B                2.75752m   33.142    0.0023      extra Lyman....................................
nInu                8329.68A   36.202    2.6650      Ca B                2.67440m   33.036    0.0018      database lines.................................
nFnu                8078.61A   36.387    4.0844      Ca B                2.61194m   32.939    0.0015      C  2                1036.34A   33.146    0.0023
nInu                8078.61A   36.455    4.7806      Ca B                2.56363m   32.848    0.0012      C  2                1037.02A   33.294    0.0033
nFnu                6209.66A   36.424    4.4430      Ca B                12.3685m   33.594    0.0066      C  2                1334.53A   33.158    0.0024
nInu                6209.66A   36.526    5.6229      Ca B                7.50045m   33.448    0.0047      C  2                1335.71A   33.266    0.0031
nFnu                4885.36A   36.447    4.6845      Ca B                5.90660m   33.301    0.0033      C  3                1908.73A   33.967    0.0155
nInu                4885.36A   36.658    7.6188      Ca B                5.12726m   33.165    0.0024      C  3                1906.68A   34.071    0.0197
nFnu                3704.34A   36.487    5.1358      Ca B                4.67124m   33.040    0.0018      C  3                977.020A   34.065    0.0195
nInu                3704.34A   36.820   11.0635      Ca B                4.37526m   32.926    0.0014      C  3                386.203A   33.110    0.0022
nFnu                3587.67A   36.958   15.2039      Ca B                4.16966m   32.821    0.0011      N  4                1486.50A   32.784    0.0010
nInu                3587.67A   37.185   25.6638      Ca B                19.0567m   33.225    0.0028      N  4                1483.32A   32.908    0.0014
nFnu                2430.05A   36.912   13.6829      Ca B                11.3056m   33.104    0.0021      N  4                765.147A   33.403    0.0042
nInu                2430.05A   37.260   30.4539      Ca B                8.75768m   32.975    0.0016      Ne 3                3868.76A   33.290    0.0033
nFnu                2392.03A   36.910   13.6222      Ca B                7.50606m   32.853    0.0012      Ne 3                489.500A   32.890    0.0013
nInu                2392.03A   37.268   31.0506      Ca B                27.7958m   32.901    0.0013      Ne 3                491.045A   32.830    0.0011
nFnu                2071.34A   36.905   13.4488      Ca B                16.2047m   32.799    0.0011      O  1                1302.17A   32.808    0.0011
nInu                2071.34A   37.361   38.4442      H  1                2431.34A   36.681    8.0355      O  1                1304.86A   32.986    0.0016
nFnu                2052.68A   36.905   13.4599      H  1                1215.67A   37.402   42.2425      O  2                3726.03A   32.825    0.0011
nInu                2052.68A   37.357   38.1475      H  1                1025.72A   34.242    0.0292      O  3                4958.91A   34.068    0.0196
nFnu                1793.44A   36.918   13.8736      H  1                972.537A   34.162    0.0243      O  3                5006.84A   34.543    0.0585
nInu                1793.44A   37.463   48.6740      H  1                949.743A   34.129    0.0226      O  3                4363.21A   33.097    0.0021
nFnu                1585.12A   36.936   14.4414      H  1                937.803A   33.808    0.0108      O  3                1660.81A   33.030    0.0018
nInu                1585.12A   37.559   60.6357      H  1                930.748A   33.775    0.0100      O  3                1666.15A   33.497    0.0053
nFnu                1458.33A   36.932   14.3174      H  1                926.226A   33.746    0.0093      O  3                835.289A   33.385    0.0041
nInu                1458.33A   37.612   68.5781      H  1                923.150A   33.734    0.0091      O  3                833.749A   33.278    0.0032
nFnu                1356.96A   36.894   13.1365      H  1                920.963A   33.726    0.0089      O  3                835.092A   33.126    0.0022
nInu                1356.96A   37.648   74.5065      H  1                919.351A   33.721    0.0088      O  3                832.929A   33.176    0.0025
nFnu                1297.29A   36.810   10.8193      H  1                6562.80A   36.223    2.8015      O  3                833.715A   33.102    0.0021
nInu                1297.29A   37.670   78.3497      H  1                4861.32A   35.776    1.0000      O  3                702.900A   33.160    0.0024
nFnu                1262.79A   36.693    8.2638      H  1                4340.46A   35.453    0.4755      O  3                703.854A   33.416    0.0044
nInu                1262.79A   37.683   80.7608      H  1                4101.73A   35.192    0.2605      O  3                702.337A   33.166    0.0025
nFnu                1218.08A   36.285    3.2291      H  1                3970.07A   34.995    0.1657      O  3                702.896A   33.105    0.0021
nInu                1218.08A   37.660   76.5224      H  1                3889.05A   34.828    0.1126      O  3                703.851A   33.270    0.0031
nFnu                1196.33A   36.286    3.2394      H  1                3835.38A   34.683    0.0808      O  3                702.838A   33.210    0.0027
nInu                1196.33A   37.702   84.4010      H  1                3797.90A   34.557    0.0604      O  3                507.388A   33.153    0.0024
nFnu                1175.06A   36.289    3.2555      H  1                3770.63A   34.448    0.0470      O  3                507.680A   33.304    0.0034
nInu                1175.06A   37.703   84.5978      H  1                1.87510m   35.186    0.2571      O  3                508.178A   33.456    0.0048
nFnu                1143.64A   36.294    3.2982      H  1                1.28181m   34.911    0.1364      S  3                9068.62A   32.829    0.0011
nInu                1143.64A   37.732   90.4798      H  1                1.09381m   34.669    0.0782      S  3                9530.62A   33.229    0.0028
nFnu                1113.22A   36.301    3.3505      H  1                1.00494m   34.476    0.0501      C  4                1550.77A   33.927    0.0141
nInu                1113.22A   37.747   93.5436      H  1                9545.97A   34.310    0.0342      C  4                1548.19A   34.174    0.0250
nFnu                1103.23A   36.303    3.3656      H  1                9229.02A   34.167    0.0246      C  4                312.420A   32.901    0.0013
nInu                1103.23A   37.751   94.3276      H  1                9014.91A   34.041    0.0184      N  3                1749.67A   32.812    0.0011
nFnu                1073.86A   36.312    3.4332      H  1                8862.79A   33.932    0.0143      N  3                989.799A   33.189    0.0026
nInu                1073.86A   37.764   97.2186      H  1                4.05115m   34.503    0.0533      N  3                991.577A   33.339    0.0037
nFnu                1064.34A   36.315    3.4615      H  1                2.62515m   34.285    0.0323      N  3                764.351A   32.825    0.0011
nInu                1064.34A   37.766   97.8264      H  1                2.16553m   34.099    0.0210      N  3                685.515A   32.948    0.0015
nFnu                1035.92A   36.325    3.5440      H  1                1.94456m   33.937    0.0145      N  3                686.336A   32.786    0.0010
nInu                1035.92A   37.774   99.5628      H  1                1.81741m   33.796    0.0105      N  3                685.817A   33.182    0.0025
nFnu                1000.00A   36.341    3.6722      H  1                1.73621m   33.671    0.0079      S  4                10.5076m   32.863    0.0012
nInu                1000.00A   37.785  102.2167      H  1                1.68065m   33.563    0.0061      S  4                657.319A   32.856    0.0012
nFnu                925.144A   36.375    3.9761      H  1                7.45782m   33.955    0.0151      level 1 lines..................................
nInu                925.144A   37.676   79.4689      H  1                4.65251m   33.796    0.0105      recombination..................................
RRC............................................      H  1                3.73954m   33.642    0.0073      level2 lines...................................
H  1                911.753A   37.107   21.4318      H  1                3.29609m   33.504    0.0053      hyperfine structure............................
H  1                3645.98A   36.015    1.7333      H  1                3.03837m   33.381    0.0040      inner shell....................................
H  1                3645.98A   36.295    3.3052      H  1                2.87221m   33.274    0.0031      molecules......................................
H  1                8203.57A   35.323    0.3522      H  1                12.3685m   33.518    0.0055      bands..........................................
H  1                8203.57A   35.645    0.7396      H  1                7.50045m   33.390    0.0041      miscellaneous..................................
H  1                8203.57A   35.455    0.4776      H  1                5.90660m   33.260    0.0030      Blnd                1650.00A   34.022    0.0176
H  1                1.45842m   34.867    0.1234      H  1                5.12726m   33.141    0.0023      Blnd                1304.00A   33.292    0.0033
H  1                1.45842m   35.194    0.2617      H  1                4.67124m   33.036    0.0018      Blnd                2326.00A   32.823    0.0011
H  1                1.45842m   35.105    0.2135      H  1                19.0567m   33.148    0.0024      Blnd                1335.00A   33.586    0.0065
H  1                1.45842m   34.684    0.0809      H  1                11.3056m   33.045    0.0019      Blnd                1909.00A   34.323    0.0352
H  1                2.27878m   34.532    0.0570      H  1                8.75768m   32.933    0.0014      Blnd                1549.00A   34.369    0.0391
H  1                2.27878m   34.857    0.1206      H  1                7.50606m   32.831    0.0011      Blnd                1085.00A   33.078    0.0020
H  1                2.27878m   34.798    0.1053      H  1                27.7958m   32.829    0.0011      Blnd                1750.00A   33.124    0.0022
H  1                2.27878m   34.519    0.0553      Ca A                303.784A   33.484    0.0051      Blnd                990.000A   33.624    0.0070
H  1                2.27878m   33.960    0.0153      Ca A                256.317A   32.824    0.0011      Blnd                1486.00A   33.152    0.0024
H  1                3.28145m   35.091    0.2066      He 2                607.567A   34.532    0.0571      Blnd                3727.00A   32.989    0.0016
H  1                4.46642m   34.893    0.1311      He 2                303.784A   35.182    0.2546      Blnd                1666.00A   33.625    0.0071
H  1                5.83369m   34.722    0.0882      He 2                256.317A   33.378    0.0040      Blnd                5007.00A   34.669    0.0781
H  1                7.38326m   34.570    0.0622      He 2                1640.41A   33.799    0.0105      Blnd                835.000A   33.935    0.0144
H  1                9.11514m   34.434    0.0455      He-like iso-sequence...........................
H  1                11.0293m   34.311    0.0343      He 1                1202.81A   36.296    3.3100

                                                    Emergent line intensities
 Caution: emergent intensities are not reliable on the first iteration.
general properties.............................      H  1                11.3056m   33.045    0.0019      He 1                8264.36A   33.042    0.0018
continua.......................................      H  1                8.75768m   32.933    0.0014      He 1                1.86814m   34.274    0.0315
FIR                 83.0000m   36.651    7.5060      H  1                7.50606m   32.831    0.0011      He 1                1.27839m   33.766    0.0098
TIR                 1800.00m   34.469    0.0493      H  1                27.7958m   32.829    0.0011      He 1                1.09125m   33.430    0.0045
NIRa                2.85000m   36.893   13.0885      He 2                303.784A   35.165    0.2450      He 1                1.00275m   33.178    0.0025
NIRb                3.00000m   36.575    6.3018      He 2                256.317A   33.378    0.0040      He 1                9526.01A   32.978    0.0016
MIRa                15.0000m   36.183    2.5529      He 2                1640.41A   33.798    0.0105      He 1                9210.23A   32.814    0.0011
MIRb                22.5000m   36.371    3.9349      He-like iso-sequence...........................      He 1                8648.24A   33.042    0.0018
NMIR                21.7500m   36.893   13.0885      He 1                584.334A   35.399    0.4195      He 1                1.86933m   33.792    0.0104
TFIR                611.250m   36.141    2.3169      He 1                537.030A   34.686    0.0813      He 1                1.27894m   33.282    0.0032
TALL                10000.0A   37.995  165.6290      He 1                522.321A   33.877    0.0126      He 1                1.09166m   32.945    0.0015
F12                 12.0000m   35.700    0.8392      He 1                515.672A   33.725    0.0089      He 1                1.90654m   33.397    0.0042
F25                 25.0000m   35.815    1.0942      He 1                512.130A   33.645    0.0074      He 1                1.29626m   33.042    0.0018
F60                 60.0000m   36.254    3.0032      He 1                510.018A   33.594    0.0066      He 1                4.04953m   33.697    0.0083
F100                100.000m   36.062    1.9328      He 1                508.657A   33.556    0.0060      He 1                2.62409m   33.419    0.0044
MIPS                24.0000m   35.501    0.5307      He 1                507.727A   33.524    0.0056      He 1                2.16466m   33.194    0.0026
MIPS                70.0000m   35.894    1.3127      He 1                507.065A   33.503    0.0053      He 1                1.94377m   33.009    0.0017
MIPS                160.000m   35.667    0.7780      He 1                506.576A   33.493    0.0052      He 1                1.81668m   32.855    0.0012
IRAC                3.60000m   35.290    0.3267      He 1                506.204A   33.518    0.0055      He 1                1.61028m   33.095    0.0021
IRAC                4.50000m   35.336    0.3633      He 1                505.916A   34.113    0.0217      He 1                7.45481m   33.092    0.0021
IRAC                5.80000m   35.241    0.2916      He 1                1.08291m   34.662    0.0769      He 1                4.65063m   32.891    0.0013
IRAC                8.00000m   35.443    0.4643      He 1                1.08303m   35.408    0.4284      He 1                2.67332m   32.811    0.0011
SPR1                250.000m   35.252    0.2990      He 1                1.08303m   35.794    1.0434      extra Lyman....................................
SPR2                350.000m   34.827    0.1125      Blnd                1.08302m   35.966    1.5488      database lines.................................
SPR3                500.000m   34.464    0.0488      He 1                3888.64A   34.435    0.0456      C  2                1036.34A   33.145    0.0023
PAC1                70.0000m   35.956    1.5149      He 1                3163.94A   33.265    0.0031      C  2                1037.02A   33.293    0.0033
PAC2                100.000m   36.067    1.9548      He 1                2934.64A   33.205    0.0027      C  2                1334.53A   33.156    0.0024
PAC3                160.000m   35.924    1.4071      He 1                2823.48A   33.136    0.0023      C  2                1335.71A   33.264    0.0031
PAH                 3.30000m   34.483    0.0509      He 1                2760.44A   33.047    0.0019      C  3                1908.73A   33.965    0.0155
PAHC                3.23000m   34.174    0.0250      He 1                2721.00A   32.951    0.0015      C  3                1906.68A   34.070    0.0197
PAHC                3.37000m   34.107    0.0214      He 1                2694.61A   32.857    0.0012      C  3                977.020A   34.065    0.0195
PAH                 6.20000m   34.766    0.0976      He 1                2644.33A   33.213    0.0027      C  3                386.203A   33.081    0.0020
PAHC                5.65000m   34.794    0.1043      He 1                5015.68A   33.718    0.0088      N  4                1486.50A   32.784    0.0010
PAH                 7.90000m   35.027    0.1784      He 1                3970.98A   32.780    0.0010      N  4                1483.32A   32.908    0.0014
PAHC                6.90000m   35.011    0.1718      He 1                7065.71A   34.146    0.0235      N  4                765.147A   33.363    0.0039
PAH                 11.3000m   34.498    0.0527      He 1                7065.22A   34.623    0.0704      Ne 3                3868.76A   33.290    0.0033
PAHC                10.9000m   34.490    0.0517      He 1                7065.18A   34.845    0.1173      Ne 3                489.500A   32.843    0.0012
PAH                 11.8000m   34.715    0.0868      Blnd                7065.25A   35.101    0.2112      O  1                1302.17A   32.807    0.0011
PAHC                12.6500m   34.738    0.0917      He 1                5875.98A   34.240    0.0291      O  1                1304.86A   32.984    0.0016
PAH                 13.3000m   34.754    0.0950      He 1                5875.64A   34.717    0.0873      O  2                3726.03A   32.825    0.0011
PAHC                14.1000m   34.747    0.0935      He 1                5875.61A   34.939    0.1455      O  3                4958.91A   34.068    0.0196
Bcon                3640.00A   37.895  131.6060      Blnd                5875.66A   35.194    0.2620      O  3                5006.84A   34.543    0.0585
Pcon                5000.00A   36.954   15.0512      He 1                4469.98A   33.055    0.0019      O  3                4363.21A   33.097    0.0021
O3bn                5007.00A   35.317    0.3478      He 1                4469.78A   33.532    0.0057      O  3                1660.81A   33.029    0.0018
RRC............................................      He 1                4469.77A   33.754    0.0095      O  3                1666.15A   33.496    0.0052
grains.........................................      Blnd                4469.79A   34.009    0.0171      O  3                835.289A   33.310    0.0034
H-like iso-sequence............................      He 1                4025.61A   32.927    0.0014      O  3                833.749A   33.198    0.0026
H  1                1215.67A   37.400   42.0506      He 1                4025.45A   33.404    0.0042      O  3                835.092A   33.017    0.0017
H  1                1025.72A   34.242    0.0292      He 1                4025.44A   33.626    0.0071      O  3                832.929A   33.077    0.0020
H  1                972.537A   34.162    0.0243      Blnd                4025.46A   33.881    0.0127      O  3                833.715A   32.996    0.0017
H  1                949.743A   34.129    0.0226      He 1                3819.36A   32.825    0.0011      O  3                702.900A   33.101    0.0021
H  1                937.803A   33.808    0.0108      He 1                3819.21A   33.302    0.0034      O  3                703.854A   33.367    0.0039
H  1                930.748A   33.775    0.0100      He 1                3819.20A   33.524    0.0056      O  3                702.337A   33.098    0.0021
H  1                926.226A   33.746    0.0093      Blnd                3819.22A   33.779    0.0101      O  3                702.896A   33.034    0.0018
H  1                923.150A   33.734    0.0091      He 1                3704.76A   33.195    0.0026      O  3                703.851A   33.201    0.0027
H  1                920.963A   33.725    0.0089      He 1                3704.75A   33.417    0.0044      O  3                702.838A   33.144    0.0023
H  1                919.351A   33.721    0.0088      Blnd                3704.77A   33.673    0.0079      O  3                507.388A   33.113    0.0022
H  1                6562.80A   36.223    2.8015      He 1                3634.08A   33.088    0.0021      O  3                507.680A   33.275    0.0032
H  1                4861.32A   35.776    1.0000      He 1                3634.07A   33.310    0.0034      O  3                508.178A   33.428    0.0045
H  1                4340.46A   35.453    0.4755      Blnd                3634.09A   33.566    0.0062      S  3                9068.62A   32.829    0.0011
H  1                4101.73A   35.192    0.2605      He 1                3587.16A   32.987    0.0016      S  3                9530.62A   33.229    0.0028
H  1                3970.07A   34.995    0.1657      He 1                3587.15A   33.208    0.0027      C  4                1550.77A   33.926    0.0141
H  1                3889.05A   34.828    0.1126      Blnd                3587.17A   33.464    0.0049      C  4                1548.19A   34.173    0.0250
H  1                3835.38A   34.683    0.0808      He 1                3554.34A   32.895    0.0013      C  4                312.420A   32.877    0.0013
H  1                3797.90A   34.557    0.0604      He 1                3554.33A   33.117    0.0022      N  3                1749.67A   32.810    0.0011
H  1                3770.63A   34.448    0.0470      Blnd                3554.35A   33.373    0.0040      N  3                989.799A   33.189    0.0026
H  1                1.87510m   35.186    0.2571      He 1                3530.44A   32.822    0.0011      N  3                991.577A   33.339    0.0037
H  1                1.28181m   34.911    0.1364      He 1                3530.43A   33.044    0.0019      N  3                685.515A   32.835    0.0011
H  1                1.09381m   34.669    0.0782      Blnd                3530.44A   33.299    0.0033      N  3                685.817A   33.083    0.0020
H  1                1.00494m   34.476    0.0501      He 1                3512.47A   32.790    0.0010      S  4                10.5076m   32.863    0.0012
H  1                9545.97A   34.310    0.0342      He 1                3512.46A   33.012    0.0017      S  4                657.319A   32.810    0.0011
H  1                9229.02A   34.167    0.0246      Blnd                3512.48A   33.267    0.0031      level 1 lines..................................
H  1                9014.91A   34.041    0.0184      He 1                3498.73A   32.857    0.0012      recombination..................................
H  1                8862.79A   33.932    0.0143      He 1                3498.61A   33.334    0.0036      level2 lines...................................
H  1                4.05115m   34.503    0.0533      He 1                3498.60A   33.556    0.0060      hyperfine structure............................
H  1                2.62515m   34.285    0.0323      Blnd                3498.62A   33.811    0.0108      inner shell....................................
H  1                2.16553m   34.099    0.0210      He 1                7281.35A   34.086    0.0204      molecules......................................
H  1                1.94456m   33.937    0.0145      He 1                6678.15A   34.536    0.0575      bands..........................................
H  1                1.81741m   33.796    0.0105      He 1                4920.34A   33.394    0.0041      miscellaneous..................................
H  1                1.73621m   33.671    0.0079      He 1                4387.26A   33.254    0.0030      Blnd                1650.00A   34.021    0.0176
H  1                1.68065m   33.563    0.0061      He 1                4143.41A   33.146    0.0023      Blnd                1304.00A   33.290    0.0033
H  1                7.45782m   33.955    0.0151      He 1                4009.05A   33.036    0.0018      Blnd                2326.00A   32.821    0.0011
H  1                4.65251m   33.796    0.0105      He 1                3926.41A   32.927    0.0014      Blnd                1335.00A   33.584    0.0064
H  1                3.73954m   33.642    0.0073      He 1                3871.69A   32.823    0.0011      Blnd                1909.00A   34.322    0.0351
H  1                3.29609m   33.504    0.0053      He 1                3768.74A   33.169    0.0025      Blnd                1549.00A   34.368    0.0391
H  1                3.03837m   33.381    0.0040      He 1                4.29471m   34.090    0.0206      Blnd                1085.00A   33.077    0.0020
H  1                2.87221m   33.274    0.0031      He 1                1.21677m   32.793    0.0010      Blnd                1750.00A   33.123    0.0022
H  1                12.3685m   33.518    0.0055      He 1                1.69778m   33.918    0.0139      Blnd                990.000A   33.623    0.0070
H  1                7.50045m   33.390    0.0041      He 1                1.19625m   33.582    0.0064      Blnd                1486.00A   33.151    0.0024
H  1                5.90660m   33.260    0.0030      He 1                1.03083m   33.320    0.0035      Blnd                3727.00A   32.989    0.0016
H  1                5.12726m   33.141    0.0023      He 1                9515.00A   33.108    0.0021      Blnd                1666.00A   33.624    0.0070
H  1                4.67124m   33.036    0.0018      He 1                9062.34A   32.932    0.0014      Blnd                5007.00A   34.669    0.0781
H  1                19.0567m   33.148    0.0024      He 1                8776.09A   32.784    0.0010      Blnd                835.000A   33.843    0.0117



 metal1e-3 1Myr  
 Cooling:  HFBc                      0 :0.142 H  1c                     0 :0.608 He 1c                     0 :0.060 HFFc                      0 :0.139  
 Heating:  BFH1                      0 :0.875 BFHe                      0 :0.125  

 These are some of the most important databases used by Cloudy:
 Many recombination coefficients were taken from http://amdpp.phys.strath.ac.uk/tamoc/RR/ and http://amdpp.phys.strath.ac.uk/tamoc/DR/
      and are based on the following papers:
        Badnell N. R., et al., A&A 406, 1151 (2003) [http://adsabs.harvard.edu/abs/2003A%26A...406.1151B]
        Badnell N. R., ApJS 167, 334 (2006) [http://adsabs.harvard.edu/abs/2006ApJS..167..334B]
 Much of the molecular emission data is from LAMDA as accessed on June 30, 2015. This database is described in:
        Schoeier F.L., et al., A&A 432, 369 (2005) [http://adsabs.harvard.edu/abs/2005A%26A...432..369S]
      This database is in part based on the work of the following groups:
        JPL: Pickett H. M. et al., JQSRT, 60, 883 (1998). [http://adsabs.harvard.edu/abs/1998JQSRT..60..883P]
        CDMS: Mueller H. S. et al., A&A 370, L49 (2001). [http://adsabs.harvard.edu/abs/2001A%26A...370L..49M]
              Mueller H. S. et al., J. Mol. Struct. 742, 215 (2005). [http://adsabs.harvard.edu/abs/2005JMoSt.742..215M]
 Some of the ionic emission data is from version 10.0.1 of CHIANTI. CHIANTI is a collaborative project involving the NRL (USA), the
      Universities of Florence (Italy) and Cambridge (UK), and George Mason University (USA). These papers describe Chianti:
        Dere K. P., et al., A&AS, 125, 149 (1997) [http://adsabs.harvard.edu/abs/1997A%26AS..125..149D]
        Landi E., et al., ApJ, 744, 99 (2012) [http://adsabs.harvard.edu/abs/2012ApJ...744...99L]
 Much of the H_2 data is from this web site: http://molat.obspm.fr/index.php?page=pages/Molecules/H2/H2can94.php. These data are
      described in:
        Abgrall H. et al., Can. J. Phys., 72, 856 (1994) [http://adsabs.harvard.edu/abs/1994CaJPh..72..856A]
        Wrathmall S. A. & Flower D. R., J. Phys. B, 40, 3221 (2007) [http://adsabs.harvard.edu/abs/2007JPhB...40.3221W]
 The Case A and Case B recombination predictions for one-electron systems are from
	Storey, P.J. & Hummer, D.G., 1995, MNRAS 272, 41 http://adsabs.harvard.edu/abs/1995MNRAS.272...41S
 The He I recombination predictions are from
	Porter, R. L.; Ferland, G. J.; Storey, P. J.; Detisch, M. J., 2012, MNRAS, 425, 28p http://adsabs.harvard.edu/abs/2012MNRAS.425L..28P
		http://adsabs.harvard.edu/abs/2013MNRAS.433L..89P

 If you find some process or data set to be particularly critical to a result, please follow the trail of references back to the
 original source and cite that.  This will support and encourage atomic, molecular, and chemical physicists to continue their
 valuable work.

 IONIZE PARMET:  U(1-) -0.8926  U(4-): -5.1072  U(sp): -2.33  Q(ion):   27.435  L(ion) 17.050    Q(low): 50.490    L(low) 37.993
 ENERGY BUDGET:  Heat:  37.216  Coolg:  37.216  Error:  0.0%  Rec Lin:  36.833  F-F  H  0.000    P(rad/tot)max     1.65E-01    R(F Con):1.737e+05

     Col(Heff):      2.886E+20  snd travl time  1.83E+11 sec  Te-low: 3.93E+03  Te-hi: 3.08E+04  G0TH85: 7.07E+05  G0DB96:8.88E+05
  Emiss Measure    n(e)n(p) dl       2.300E+25  n(e)n(He+)dl         2.188E+24  En(e)n(He++) dl         3.362E+21  ne nC+:1.92E+17
 He/Ha:1.94E-01  =   2.04*true  Lthin:3.09E+01  itr/zn: 5.25  H2 itr/zn:  0.00  File Opacity: F  MassTot 2.47e+33  (gm)
   Temps(21 cm)   T(21cm/Ly a)  4.01E+03        T(<nH/Tkin>)  5.35E+03          T(<nH/Tspin>)    4.30E+03          TB21cm:1.13E+01
                   N(H0/Tspin)  7.95E+16        N(OH/Tkin)    0.00E+00          B(21cm)          0.00E+00
   <a>:1.59E-06  erdeFe0.0E+00  Tcompt1.53E+04  Tthr7.87E+12  <Tden>: 1.99E+04  <dens>:2.31E-20  <MolWgt>7.20E-01
     Mean Jeans  l(cm)5.16E+19  M(sun)8.35E+05  smallest:     len(cm):2.30E+19  M(sun):7.36E+04  a_ox tran:  0.00
 Rion:2.615E+17  Dist:3.09E+29  Diam:3.496E-07
 Hatom level 25  HatomType: add  HInducImp  F  He tot level: 23  He2 level:   25  ExecTime     6.9
 ConvrgError(%)  <eden>  0.054  MaxEden  0.283  <H-C>   0.13  Max(H-C)    0.49  <Press>   0.000  MaxPrs er  0.000
  Continuity(%)  chng Te   3.3  elec den   4.6  n(H2)    0.0  n(CO)        0.0

                                                        Averaged Quantities
             Te      Te(Ne)   Te(NeNp)  Te(NeHe+)Te(NeHe2+) Te(NeO+)  Te(NeO2+)  Te(H2)     N(H)     Ne(O2+)   Ne(Np)
 Radius:  1.99e+04  2.21e+04  2.22e+04  2.22e+04  3.06e+04  1.58e+04  2.24e+04  0.00e+00  1.00e+04  1.09e+04  1.09e+04
   Area:  1.73e+04  2.06e+04  2.07e+04  2.07e+04  3.06e+04  1.54e+04  2.10e+04  0.00e+00  1.00e+04  1.09e+04  1.09e+04
 Volume:  1.52e+04  1.95e+04  1.96e+04  1.96e+04  3.06e+04  1.51e+04  2.00e+04  0.00e+00  1.00e+04  1.09e+04  1.08e+04
 
 Peimbert T(OIIIr)1.75E+04 T(Bac)2.30E+04 T(Hth)0.00E+00 t2(Hstrc) 2.57e-02 T(O3-BAC)0.00E+00 t2(O3-BC) 0.00e+00 t2(O3str) 2.08e-02

 Contin Optical Depths: COMP: 1.54e-03    H-: 0.00e+00 R(1300): 2.29e-03  H2+: 0.00e+00  Bra:7.70E-04
                          Pa: 7.70e-04    Ba: 7.70e-04      Hb: 7.70e-04   La: 2.82e+00     1r:5.004E+07  1.8:1.18E+07 4.:1.715E+06


                                                 Mean Line Optical Depths
Species Wavelength  Total     Single        Species Wavelength  Total     Single        Species Wavelength  Total     Single        
H  1                1215.67A  4.85e+07  6.35e-08      H  1                1215.67A  4.85e+07  4.85e+07
H  1                1025.72A  7.78e+06  7.78e+06      H  1                972.537A  2.70e+06  2.70e+06
H  1                949.743A  1.27e+06  1.27e+06      H  1                937.803A  7.01e+05  7.01e+05
H  1                930.748A  4.30e+05  4.30e+05      H  1                926.226A  2.83e+05  2.83e+05
H  1                923.150A  1.96e+05  1.96e+05      H  1                920.963A  1.42e+05  1.42e+05
H  1                919.351A  1.06e+05  1.06e+05      H  1                918.129A  8.11e+04  8.11e+04
H  1                917.181A  6.36e+04  6.36e+04      H  1                916.429A  5.07e+04  5.07e+04
H  1                915.824A  4.12e+04  4.12e+04      H  1                36.4606m -1.24e-05 -1.24e-05
H  1                111.826m -3.54e-05 -3.54e-05      H  1                61.8935m -7.67e-05 -7.67e-05
H  1                138.613m -1.35e-03 -1.35e-03      He 2                303.784A  7.15e+06  5.99e-07
He 2                303.784A  7.15e+06  7.15e+06      He 2                256.317A  1.15e+06  1.15e+06
He 2                243.027A  3.99e+05  3.99e+05      He 2                237.331A  1.87e+05  1.87e+05
He 2                234.347A  1.03e+05  1.03e+05      He 2                232.584A  6.33e+04  6.33e+04
He 2                231.454A  4.17e+04  4.17e+04      He 2                230.686A  2.89e+04  2.89e+04
He 2                230.139A  2.09e+04  2.09e+04      He 2                229.736A  1.56e+04  1.56e+04
He 2                229.431A  1.20e+04  1.20e+04      He 2                229.194A  9.37e+03  9.37e+03
He 2                229.006A  7.48e+03  7.48e+03      He 2                228.855A  6.07e+03  6.07e+03
He 1                625.563A  2.86e+06  2.48e-07      He 1                601.404A  2.86e+06  5.78e-24
He 1                591.409A  2.86e+06  5.50e-24      He 1                591.412A  2.86e+06  2.93e-01
He 1                591.412A  2.86e+06  8.99e-04      He 1                584.334A  2.86e+06  2.86e+06
He 1                538.896A  6.99e+05  5.55e-02      He 1                537.331A  6.99e+05  8.34e+00
He 1                537.030A  6.99e+05  6.99e+05      He 1                522.321A  2.77e+05  2.77e+05
He 1                515.672A  1.38e+05  1.38e+05      He 1                512.130A  7.83e+04  7.83e+04
He 1                510.018A  4.89e+04  4.89e+04      He 1                508.657A  3.26e+04  3.26e+04
He 1                507.727A  2.28e+04  2.28e+04      He 1                507.065A  1.66e+04  1.66e+04
He 1                506.576A  1.24e+04  1.24e+04      He 1                506.204A  9.53e+03  9.53e+03
He 1                505.916A  7.48e+03  7.48e+03      He 1                1.08291m  7.17e+02  7.97e+01
He 1                1.08303m  7.17e+02  2.39e+02      He 1                1.08303m  7.17e+02  3.99e+02
He 1                8863.66A  7.17e+02  1.99e-05      He 1                4275.81A  3.08e+01  1.13e-14
He 1                3888.64A  3.08e+01  3.08e+01      He 1                3809.08A  3.08e+01  5.74e-04
He 1                3793.50A  3.08e+01  1.83e-07      He 1                3163.94A  9.87e+00  9.87e+00
He 1                2934.64A  4.47e+00  4.47e+00      He 1                2823.48A  2.41e+00  2.41e+00
He 1                2760.44A  1.45e+00  1.45e+00      He 1                2721.00A  9.46e-01  9.46e-01
He 1                2694.61A  6.51e-01  6.51e-01      He 1                2676.05A  4.68e-01  4.68e-01
He 1                2662.47A  3.41e-01  3.41e-01      He 1                2652.24A  2.61e-01  2.61e-01
He 1                2644.33A  2.04e-01  2.04e-01      He 1                2.05813m  7.17e+02  6.17e-03
He 1                5183.35A  3.08e+01  7.29e-11      He 1                5042.09A  3.08e+01  8.76e-09
He 1                5015.68A  3.08e+01  6.05e-04      He 1                3970.98A  9.87e+00  1.56e-04
He 1                3616.35A  4.47e+00  6.45e-05      He 1                3449.03A  2.41e+00  3.34e-05
He 1                3355.42A  1.45e+00  1.97e-05      He 1                3297.33A  9.46e-01  1.27e-05
He 1                3258.66A  6.51e-01  8.64e-06      He 1                3231.55A  4.68e-01  6.17e-06
He 1                3211.78A  3.41e-01  4.59e-06      He 1                3196.90A  2.61e-01  3.49e-06
He 1                3185.42A  2.04e-01  2.72e-06      He 1                1.01196c  7.17e+02 -6.36e-12
He 1                7065.71A  3.08e+01  1.35e-06      He 1                6067.47A  3.08e+01  1.40e-12
He 1                5875.98A  3.08e+01  9.89e-06      He 1                4469.98A  9.87e+00  1.63e-06
He 1                4025.61A  4.47e+00  5.62e-07      He 1                3819.36A  2.41e+00  2.66e-07
He 1                3704.90A  1.45e+00  1.49e-07      He 1                3634.21A  9.46e-01  9.27e-08
He 1                3587.29A  6.51e-01  6.19e-08      He 1                3554.46A  4.68e-01  4.36e-08
He 1                3530.56A  3.41e-01  3.17e-08      He 1                3512.59A  2.61e-01  2.39e-08
He 1                3498.73A  2.04e-01  1.86e-08      He 1                13.0811c  7.17e+02 -1.43e-11
He 1                7065.22A  3.08e+01  7.51e-06      He 1                6067.11A  3.08e+01  7.76e-12
He 1                5875.64A  3.08e+01  5.50e-05      He 1                4469.78A  9.87e+00  9.08e-06
He 1                4025.45A  4.47e+00  3.13e-06      He 1                3819.21A  2.41e+00  1.48e-06
He 1                3704.76A  1.45e+00  8.30e-07      He 1                3634.08A  9.46e-01  5.16e-07
He 1                3587.16A  6.51e-01  3.45e-07      He 1                3554.34A  4.68e-01  2.42e-07
He 1                3530.44A  3.41e-01  1.76e-07      He 1                3512.47A  2.61e-01  1.33e-07
He 1                3498.61A  2.04e-01  1.03e-07      He 1                7065.18A  3.08e+01  1.83e-05
He 1                6067.08A  3.08e+01  1.89e-11      He 1                5875.61A  3.08e+01  1.34e-04
He 1                4469.77A  9.87e+00  2.21e-05      He 1                4025.44A  4.47e+00  7.61e-06
He 1                3819.20A  2.41e+00  3.61e-06      He 1                3704.75A  1.45e+00  2.02e-06
He 1                3634.07A  9.46e-01  1.26e-06      He 1                3587.15A  6.51e-01  8.39e-07
He 1                3554.33A  4.68e-01  5.90e-07      He 1                3530.43A  3.41e-01  4.29e-07
He 1                3512.46A  2.61e-01  3.24e-07      He 1                3498.60A  2.04e-01  2.51e-07
He 1                7281.35A  3.08e+01 -5.23e-09      He 1                6678.15A  3.08e+01  3.18e-08
He 1                6631.90A  3.08e+01  4.50e-15      He 1                4920.34A  9.87e+00  6.50e-09
He 1                4387.26A  4.47e+00  2.10e-09      He 1                4143.41A  2.41e+00  9.66e-10
He 1                4009.05A  1.45e+00  5.32e-10      He 1                3926.41A  9.46e-01  3.27e-10
He 1                3871.69A  6.51e-01  2.17e-10      He 1                3833.48A  4.68e-01  1.52e-10
He 1                3805.69A  3.41e-01  1.10e-10      He 1                3784.82A  2.61e-01  8.29e-11
He 1                3768.74A  2.04e-01  6.26e-11      He 1                88.6944m -1.01e-04 -1.01e-04
C  2                687.053A  9.06e+00  9.06e+00      C  2                687.352A  1.57e+00  1.57e+00
C  2                858.092A  5.60e-01  5.60e-01      C  2                858.559A  9.51e-01  9.51e-01
C  2                903.623A  5.95e+00  5.95e+00      C  2                903.962A  1.19e+01  1.19e+01
C  2                904.142A  2.57e+01  2.57e+01      C  2                904.480A  5.16e+00  5.16e+00
C  2                1036.34A  4.88e+00  4.88e+00      C  2                1037.02A  8.35e+00  8.35e+00
C  2                1334.53A  6.81e+00  6.81e+00      C  2                1335.66A  1.16e+00  1.16e+00
C  2                1335.71A  1.06e+01  1.06e+01      C  3                977.020A  1.97e+02  1.97e+02
C  3                386.203A  1.76e+01  1.76e+01      C  3                385.043A  6.71e-01  6.71e-01
C  3                1175.26A  1.23e-01  1.23e-01      N  1                953.415A  1.07e-01  1.07e-01
N  1                953.655A  2.03e-01  2.03e-01      N  1                953.970A  2.73e-01  2.73e-01
N  1                963.990A  1.03e-01  1.03e-01      N  1                1134.17A  1.43e-01  1.43e-01
N  1                1134.41A  2.81e-01  2.81e-01      N  1                1134.98A  4.09e-01  4.09e-01
N  1                1199.55A  1.36e+00  1.36e+00      N  1                1200.22A  9.02e-01  9.02e-01
N  1                1200.71A  4.48e-01  4.48e-01      N  4                765.147A  1.38e+01  1.38e+01
N  4                247.205A  2.24e+00  2.24e+00      Ne 1                735.896A  2.66e+00  2.66e+00
Ne 1                743.720A  2.14e-01  2.14e-01      Ne 3                489.500A  7.29e+00  7.29e+00
Ne 3                488.108A  2.43e+00  2.43e+00      Ne 3                313.056A  1.34e+00  1.34e+00
Ne 3                490.311A  1.25e-01  1.25e-01      O  1                1025.76A  2.34e+00  2.34e+00
O  1                1025.76A  4.18e-01  4.18e-01      O  1                1027.43A  1.62e-01  1.62e-01
O  1                1028.16A  1.48e-01  1.48e-01      O  1                1039.23A  1.29e+00  1.29e+00
O  1                1302.17A  9.15e+00  9.15e+00      O  1                1304.86A  7.08e-01  7.08e-01
O  1                1306.03A  4.86e-01  4.86e-01      O  1                145.495m -2.98e-05 -2.98e-05
O  2                539.086A  6.96e-01  6.96e-01      O  2                539.547A  4.64e-01  4.64e-01
O  2                539.854A  2.32e-01  2.32e-01      O  2                718.505A  1.42e-01  1.42e-01
O  2                832.758A  7.54e-01  7.54e-01      O  2                833.330A  1.51e+00  1.51e+00
O  2                834.465A  2.26e+00  2.26e+00      O  3                88.3323m -1.06e-05 -1.06e-05
O  3                835.289A  1.91e+01  1.91e+01      O  3                833.749A  1.42e+01  1.42e+01
O  3                835.092A  3.26e+00  3.26e+00      O  3                832.929A  6.16e+00  6.16e+00
O  3                833.715A  4.58e+00  4.58e+00      O  3                835.059A  2.12e-01  2.12e-01
O  3                702.900A  8.97e+00  8.97e+00      O  3                703.854A  2.03e+01  2.03e+01
O  3                702.337A  7.11e+00  7.11e+00      O  3                702.896A  5.62e+00  5.62e+00
O  3                703.851A  6.72e+00  6.72e+00      O  3                702.838A  7.35e+00  7.35e+00
O  3                599.590A  1.87e-01  1.87e-01      O  3                507.388A  6.55e+00  6.55e+00
O  3                507.680A  2.02e+01  2.02e+01      O  3                508.178A  2.48e+01  2.48e+01
O  3                525.794A  1.30e-01  1.30e-01      S  2                1259.52A  1.15e-01  1.15e-01
S  2                912.736A  3.65e-01  3.65e-01      S  2                910.485A  7.32e-01  7.32e-01
S  5                786.468A  6.30e-01  6.30e-01      C  4                1550.77A  1.13e+01  1.13e+01
C  4                1548.19A  2.25e+01  2.25e+01      C  4                312.451A  1.62e+00  1.62e+00
C  4                312.420A  3.24e+00  3.24e+00      C  4                244.911A  3.89e-01  3.89e-01
C  4                244.903A  7.78e-01  7.78e-01      N  2                1085.70A  6.04e-01  6.04e-01
N  2                1084.58A  7.87e-01  7.87e-01      N  2                1085.55A  1.05e-01  1.05e-01
N  2                1083.99A  6.00e-01  6.00e-01      N  2                1084.56A  2.59e-01  2.59e-01
N  2                915.612A  7.39e-01  7.39e-01      N  2                916.020A  3.28e-01  3.28e-01
N  2                916.710A  2.23e-01  2.23e-01      N  2                916.012A  5.34e-01  5.34e-01
N  2                916.701A  6.74e-01  6.74e-01      N  2                915.962A  4.33e-01  4.33e-01
N  2                671.773A  1.42e-01  1.42e-01      N  2                671.411A  2.38e-01  2.38e-01
N  2                671.630A  1.03e-01  1.03e-01      N  3                989.799A  2.09e+00  2.09e+00
N  3                991.511A  3.45e-01  3.45e-01      N  3                991.577A  3.15e+00  3.15e+00
N  3                763.334A  1.09e+00  1.09e+00      N  3                764.351A  1.78e+00  1.78e+00
N  3                685.515A  3.12e+00  3.12e+00      N  3                686.336A  1.34e+00  1.34e+00
N  3                684.998A  1.56e+00  1.56e+00      N  3                685.817A  6.61e+00  6.61e+00
N  3                451.871A  2.55e-01  2.55e-01      N  3                452.227A  4.30e-01  4.30e-01
S  4                1062.66A  3.01e-01  3.01e-01      S  4                809.656A  5.46e-01  5.46e-01
S  4                815.941A  1.06e-01  1.06e-01      S  4                748.393A  1.96e+00  1.96e+00
S  4                753.760A  1.50e-01  1.50e-01      S  4                744.904A  1.06e+00  1.06e+00
S  4                750.221A  6.82e-01  6.82e-01      S  4                657.319A  4.23e+00  4.23e+00
S  4                661.455A  1.19e-01  1.19e-01      S  4                661.396A  1.03e+00  1.03e+00
S  4                551.121A  2.90e-01  2.90e-01      

 Old, new H  1 continuum optical depths:
     1 1.00e+08     2 0.00e+00     3 0.00e+00     4 0.00e+00     5 0.00e+00     6 0.00e+00     7 0.00e+00     8 0.00e+00
     9 0.00e+00    10 0.00e+00    11 0.00e+00    12 0.00e+00    13 0.00e+00    14 0.00e+00
     1 5.00e+07     2 6.35e-07     3 2.12e-12     4 2.12e-12     5 2.12e-12     6 4.83e-12     7 4.83e-12     8 4.83e-12
     9 4.83e-12    10 1.21e-11    11 1.21e-11    12 1.21e-11    13 1.21e-11    14 1.21e-11

 Old, new H  1 mean line optical depths:
  2- 1 1.62e+20  3- 2 1.55e+01  4- 3 0.00e+00  5- 4 0.00e+00  6- 5 0.00e+00  7- 6 0.00e+00  8- 7 0.00e+00
  9- 8 0.00e+00 10- 9 0.00e+00 11-10 0.00e+00 12-11 0.00e+00 13-12 0.00e+00 14-13 0.00e+00 15-14 0.00e+00
  2- 1 4.85e+07  3- 2 3.69e-02  4- 3 6.85e-08  5- 4 5.28e-08  6- 5 7.13e-08  7- 6 3.06e-09  8- 7-2.37e-08
  9- 8-1.82e-07 10- 9-4.80e-07 11-10-1.23e-06 12-11-3.09e-06 13-12-9.21e-06 14-13-3.54e-05 15-14-1.35e-03

 Old, new He 2 continuum optical depths:
     1 3.43e+06     2 9.96e+07     3 0.00e+00     4 0.00e+00     5 0.00e+00     6 0.00e+00     7 0.00e+00     8 0.00e+00
     9 0.00e+00    10 0.00e+00    11 0.00e+00    12 0.00e+00    13 0.00e+00    14 0.00e+00
     1 1.72e+06     2 4.98e+07     3 9.04e-04     4 9.04e-04     5 9.04e-04     6 6.35e-07     7 6.35e-07     8 6.35e-07
     9 6.35e-07    10 2.19e-12    11 2.19e-12    12 2.19e-12    13 2.19e-12    14 2.19e-12

 Old, new He 2 mean line optical depths:
  2- 1 1.54e+19  3- 2 1.47e+00  4- 3 0.00e+00  5- 4 0.00e+00  6- 5 0.00e+00  7- 6 0.00e+00  8- 7 0.00e+00
  9- 8 0.00e+00 10- 9 0.00e+00 11-10 0.00e+00 12-11 0.00e+00 13-12 0.00e+00 14-13 0.00e+00 15-14 0.00e+00
  2- 1 7.15e+06  3- 2 2.74e-06  4- 3 1.29e-11  5- 4 2.23e-12  6- 5 1.46e-12  7- 6-1.31e-11  8- 7-3.73e-11
  9- 8-1.14e-10 10- 9-3.00e-10 11-10 1.66e-10 12-11-3.50e-10 13-12 1.80e-09 14-13-1.41e-09 15-14-3.67e-08

 Old He Is optical depths:    1 2.36e+07    2 0.00e+00    3 0.00e+00    4 0.00e+00    5 0.00e+00
 New He Is optical depths:    1 1.18e+07    2 1.16e-03    3 4.72e-07    4 5.57e-07    5 5.57e-07
          Old He Is Lines:  584 0.00e+00 3889 0.00e+00 5016 0.00e+00 5876 0.00e+00
          New He Is Lines:  584 2.86e+06 3889 3.08e+01 5016 3.08e+01 5876 3.08e+01
metal1e-3 1Myr  

