                                                          Cloudy 23.01
                                                         www.nublado.org

                                                  PRNG seed: 0xf2a71763f44278ea

                       **************************************23Jul25**************************************
                       *                                                                                 *
                       * title fid 4 1 1                                                                 *
                       * set punch prefix "fid_4_1_1"                                                    *
                       * hden = 4.000                                                                    *
                       * filling factor = 1.0                                                            *
                       * abundances ism                                                                  *
                       * #<<< mie_read_opc reading file -- graphite_ism_10.opc                      >>>> *
                       * #<<< mie_read_opc reading file -- silicate_ism_10.opc                      >>>> *
                       * metals grains 1.0 linear                                                        *
                       * cosmic ray background 1.0 linear                                                *
                       * Blackbody 43600                                                                 *
                       * q(H) = 49.34                                                                    *
                       * extinguish 23 0                                                                 *
                       * radius = 16                                                                     *
                       * stop temperature off                                                            *
                       * stop Av 10                                                                      *
                       * abundances ISM                                                                  *
                       * grains PAH 3.0 linear                                                           *
                       * #<<< mie_read_opc reading file -- pah1_ab08_10.opc                         >>>> *
                       * Save overview ".ovr" last no hash                                               *
                       * Save continuum ".con" units microns last no hash                                *
                       * Save cooling ".col" last no hash                                                *
                       * Save heating ".het" last no hash                                                *
                       * Save molecules ".mol" last no hash                                              *
                       * Save dominant rates ".rh2" "H2" last                                            *
                       * Save dominant rates ".rco" "CO" last                                            *
                       * Save dominant rates ".roh" "OH" last                                            *
                       * Save ages ".age" last                                                           *
                       *                                                                                 *
                       ***********************************************************************************



 NOTE Setcon: continuum has zero intensity starting at  9.9780e-01 Ryd.
  3361 cells in the incident continuum have zero intensity.  Problems???

 NOTE There is no hydrogen-ionizing radiation.
 Was this intended?

           9244CellPeak3.04E-09   Lo 3.04e-09=  29.98m   Hi-Con:7.13E+06 Ryd   E(hi):7.35E+06Ryd     E(hi):     100.00 MeV
           L(nu>1ryd):   0.0000   Average nu:0.000E+00   L( X-ray):   0.0000   L(BalC):  38.8446     Q(Balmer C):  49.7329
           Q(1.0-1.8):   0.0000   Q(1.8-4.0):   0.0000   Q(4.0-20):   0.0000   Q(20--):   0.0000     Ion pht flx:0.000E+00
           L(gam ray):   0.0000   Q(gam ray):   0.0000   L(Infred):  37.5763   Alf(ox):   0.0000     Total lumin:  38.8674
           log L/Lsun:   5.2844   Abs bol mg:  -8.4710   Abs V mag:  -5.3469   Bol cor:  -3.1242     nuFnu(Bbet):  37.6776
           U(1.0----):0.000E+00   U(4.0----):0.000E+00   T(En-Den):2.255E+02   T(Comp):2.527E+04     nuJnu(912A):0.000E+00
           Occ(FarIR):1.245E-01   Occ(H n=6):1.299E-08   Occ(1Ryd):0.000E+00   Occ(4R):0.000E+00     Occ (Nu-hi):0.000E+00
           Tbr(FarIR):5.984E-05   Tbr(H n=6):5.689E-05   Tbr(1Ryd):0.000E+00   Tbr(4R):0.000E+00     Tbr (Nu-hi):0.000E+00
  
                                                  Gas Phase Chemical Composition
        H :  0.0000  He: -1.0088  Li:-10.2676  B :-10.0506  C : -3.6003  N : -4.1002  O : -3.4962  F : -7.6990  Ne: -3.9101
        Na: -6.5003  Mg: -4.8996  Al: -7.1002  Si: -5.5003  P : -6.7959  S : -4.4895  Cl: -7.0000  Ar: -5.5498  K : -7.9586
        Ca: -9.3872  Ti: -9.2366  V :-10.0000  Cr: -8.0000  Mn: -7.6383  Fe: -6.2000  Co: -8.2291  Ni: -7.7399  Cu: -8.8239
                                                            Zn: -7.6990
 
                                                    Grain Chemical Composition
                                  C : -3.5553  O : -3.8821  Mg: -4.4841  Si: -4.4841  Fe: -4.4841
                                                   Sum Atoms Depleted: -30.0000
                                                   Depletion/Grains-1: -100.00%
 
              Number of grains per hydrogen (scale=1)                         Mass of grains per hydrogen (scale=1)
        Carbonaceous: -9.811  Silicate: -9.748  PAH: -7.046         Carbonaceous: -2.476  Silicate: -2.248  PAH: -3.969

 ####  1  Te:7.536E+03 Hden:1.000E+04 Ne:1.001E+04 R:1.000E+16 R-R0:1.033E+11 dR:2.065E+11 NTR:  7 Htot:1.692E-16 T912: 4.70e-06###
 Hydrogen      1.16e-04 1.00e+00 H+o/Hden 1.00e+00 5.53e-15 H-    H2 3.13e-18 7.70e-16 H2+ HeH+ 9.79e-13 Ho+ ColD 2.40e+11 2.06e+15
 Helium        1.00e+00 1.79e-09 1.06e-19 HeI 2s3S 7.33e-17 Comp H,C 6.65e-20 1.98e-20 Fill Fac 1.00e+00 Gam1/tot 5.34e-09
 He singlet n  1.00e+00 1.43e-20 2.17e-27 2.59e-27 1.60e-27 5.29e-27 He tripl 7.33e-17 1.25e-24 2.27e-26 2.74e-25 1.66e-26
 Pressure      NgasTgas 1.58e+08 P(total) 2.18e-08 P( gas ) 2.18e-08 P(Radtn) 0.00e+00 Rad accl 2.63e-02 ForceMul 4.74e+03
 Texc(La)      5.30e+03 T(I con) 2.25e+02 T(D con) 7.34e+00 T(U tot) 2.25e+02 nT (c+d) 5.63e+07 Prad/Gas 0.00e+00 Pmag/Gas 0.00e+00
 gra-ism01  *  DustTemp 8.35e+02 Pot Volt 8.61e+00 Chrg (e) 3.45e+01 drf cm/s 2.12e+05 Heating: 1.36e-18 Frac tot 8.05e-03
 gra-ism02  *  DustTemp 8.43e+02 Pot Volt 8.62e+00 Chrg (e) 5.15e+01 drf cm/s 3.63e+05 Heating: 1.00e-18 Frac tot 5.93e-03
 gra-ism03  *  DustTemp 8.42e+02 Pot Volt 8.59e+00 Chrg (e) 7.64e+01 drf cm/s 7.06e+05 Heating: 7.97e-19 Frac tot 4.71e-03
 gra-ism04     DustTemp 8.20e+02 Pot Volt 8.53e+00 Chrg (e) 1.13e+02 drf cm/s 2.52e+07 Heating: 6.89e-19 Frac tot 4.07e-03
 gra-ism05     DustTemp 7.81e+02 Pot Volt 8.47e+00 Chrg (e) 1.66e+02 drf cm/s 2.90e+07 Heating: 5.92e-19 Frac tot 3.50e-03
 gra-ism06     DustTemp 7.30e+02 Pot Volt 8.41e+00 Chrg (e) 2.44e+02 drf cm/s 3.04e+07 Heating: 5.11e-19 Frac tot 3.02e-03
 gra-ism07     DustTemp 6.71e+02 Pot Volt 8.36e+00 Chrg (e) 3.59e+02 drf cm/s 2.96e+07 Heating: 4.39e-19 Frac tot 2.60e-03
 gra-ism08     DustTemp 6.05e+02 Pot Volt 8.32e+00 Chrg (e) 5.29e+02 drf cm/s 2.77e+07 Heating: 3.75e-19 Frac tot 2.22e-03
 gra-ism09     DustTemp 5.33e+02 Pot Volt 8.28e+00 Chrg (e) 7.79e+02 drf cm/s 2.56e+07 Heating: 3.18e-19 Frac tot 1.88e-03
 gra-ism10     DustTemp 4.61e+02 Pot Volt 8.25e+00 Chrg (e) 1.15e+03 drf cm/s 2.38e+07 Heating: 2.68e-19 Frac tot 1.58e-03
 sil-ism01  *  DustTemp 8.42e+02 Pot Volt 5.17e+00 Chrg (e) 2.03e+01 drf cm/s 4.61e+05 Heating: 7.64e-19 Frac tot 4.52e-03
 sil-ism02  *  DustTemp 8.57e+02 Pot Volt 5.16e+00 Chrg (e) 3.04e+01 drf cm/s 1.61e+07 Heating: 5.72e-19 Frac tot 3.38e-03
 sil-ism03  *  DustTemp 8.61e+02 Pot Volt 5.14e+00 Chrg (e) 4.53e+01 drf cm/s 2.31e+07 Heating: 4.39e-19 Frac tot 2.60e-03
 sil-ism04     DustTemp 8.33e+02 Pot Volt 5.10e+00 Chrg (e) 6.69e+01 drf cm/s 3.03e+07 Heating: 3.64e-19 Frac tot 2.15e-03
 sil-ism05     DustTemp 7.75e+02 Pot Volt 5.06e+00 Chrg (e) 9.87e+01 drf cm/s 3.47e+07 Heating: 3.10e-19 Frac tot 1.83e-03
 sil-ism06     DustTemp 6.94e+02 Pot Volt 5.02e+00 Chrg (e) 1.45e+02 drf cm/s 3.65e+07 Heating: 2.66e-19 Frac tot 1.57e-03
 sil-ism07     DustTemp 6.09e+02 Pot Volt 4.98e+00 Chrg (e) 2.13e+02 drf cm/s 3.66e+07 Heating: 2.28e-19 Frac tot 1.35e-03
 sil-ism08     DustTemp 5.31e+02 Pot Volt 4.95e+00 Chrg (e) 3.14e+02 drf cm/s 3.55e+07 Heating: 1.94e-19 Frac tot 1.15e-03
 sil-ism09     DustTemp 4.65e+02 Pot Volt 4.92e+00 Chrg (e) 4.62e+02 drf cm/s 3.38e+07 Heating: 1.64e-19 Frac tot 9.68e-04
 sil-ism10     DustTemp 4.09e+02 Pot Volt 4.90e+00 Chrg (e) 6.81e+02 drf cm/s 3.19e+07 Heating: 1.38e-19 Frac tot 8.13e-04
 pah-ab0801 *  DustTemp 1.38e+03 Pot Volt 9.58e+00 Chrg (e) 1.99e+00 drf cm/s 3.27e+04 Heating: 3.98e-22 Frac tot 2.35e-06
 pah-ab0802 *  DustTemp 1.39e+03 Pot Volt 1.10e+01 Chrg (e) 2.78e+00 drf cm/s 2.75e+04 Heating: 1.59e-22 Frac tot 9.39e-07
 pah-ab0803 *  DustTemp 1.40e+03 Pot Volt 1.05e+01 Chrg (e) 2.95e+00 drf cm/s 3.35e+04 Heating: 2.64e-22 Frac tot 1.56e-06
 pah-ab0804 *  DustTemp 1.41e+03 Pot Volt 9.62e+00 Chrg (e) 2.98e+00 drf cm/s 4.33e+04 Heating: 3.42e-22 Frac tot 2.02e-06
 pah-ab0805 *  DustTemp 1.42e+03 Pot Volt 1.02e+01 Chrg (e) 3.65e+00 drf cm/s 4.23e+04 Heating: 1.31e-22 Frac tot 7.77e-07
 pah-ab0806 *  DustTemp 1.42e+03 Pot Volt 9.89e+00 Chrg (e) 3.94e+00 drf cm/s 4.96e+04 Heating: 2.39e-22 Frac tot 1.41e-06
 pah-ab0807 *  DustTemp 1.43e+03 Pot Volt 9.11e+00 Chrg (e) 3.99e+00 drf cm/s 6.40e+04 Heating: 1.66e-22 Frac tot 9.79e-07
 pah-ab0808 *  DustTemp 1.44e+03 Pot Volt 9.76e+00 Chrg (e) 4.88e+00 drf cm/s 6.15e+04 Heating: 1.88e-22 Frac tot 1.11e-06
 pah-ab0809 *  DustTemp 1.45e+03 Pot Volt 9.05e+00 Chrg (e) 4.99e+00 drf cm/s 7.82e+04 Heating: 1.61e-22 Frac tot 9.53e-07
 pah-ab0810 *  DustTemp 1.46e+03 Pot Volt 9.47e+00 Chrg (e) 5.88e+00 drf cm/s 7.87e+04 Heating: 1.82e-22 Frac tot 1.07e-06
 Molecules     CH/Ctot: 2.81e-24 CH+/Ctot 4.49e-16 CO/Ctot: 3.43e-25 CO+/Ctot 1.37e-17 H2O/Otot 1.27e-40 OH/Ototl 2.50e-21
 Lithium       6.55e-08 1.00e+00 5.53e-11 0.00e+00 Berylliu 0.00e+00 0.00e+00 0.00e+00 0.00e+00 0.00e+00 sec ion: 1.57e-18
 Boron         3.34e-08 1.00e+00 3.85e-11 0.00e+00 0.00e+00 0.00e+00
 Carbon        7.05e-08 1.00e+00 2.04e-11 0.00e+00 0.00e+00 0.00e+00 0.00e+00 H2O+/O   2.23e-38 OH+/Otot 2.35e-19 Hex(tot) 0.00e+00
 Nitrogen      6.13e-06 1.00e+00 1.69e-11 0.00e+00 0.00e+00 0.00e+00 0.00e+00 0.00e+00 O2/Ototl 5.21e-24 O2+/Otot 2.50e-22
 Oxygen        3.90e-04 1.00e+00 8.28e-12 0.00e+00 0.00e+00 0.00e+00 0.00e+00 0.00e+00 0.00e+00
 Fluorine      1.00e+00 7.21e-08 2.30e-18 0.00e+00 0.00e+00 0.00e+00 0.00e+00 0.00e+00 0.00e+00 0.00e+00
 Neon          1.00e+00 7.03e-10 4.64e-20 0.00e+00 0.00e+00 0.00e+00 0.00e+00 0.00e+00 0.00e+00 0.00e+00 0.00e+00
 Sodium        7.75e-07 1.00e+00 8.77e-11 0.00e+00 0.00e+00 0.00e+00 0.00e+00 0.00e+00 0.00e+00 0.00e+00 0.00e+00 0.00e+00
 Magnesium     2.46e-06 9.93e-01 6.75e-03 0.00e+00 0.00e+00 0.00e+00 0.00e+00 0.00e+00 0.00e+00 0.00e+00 0.00e+00 0.00e+00 0.00e+00
 Aluminium  0  2.41e-08 1.00e+00 3.84e-10 0.00e+00 0.00e+00 0.00e+00 0.00e+00 0.00e+00 0.00e+00 0.00e+00 0.00e+00 0.00e+00 0.00e+00
 Silicon    0  6.74e-09 2.74e-01 7.26e-01 0.00e+00 0.00e+00 0.00e+00 0.00e+00 0.00e+00 0.00e+00 0.00e+00 0.00e+00 0.00e+00 0.00e+00
 Phosphorus 0  2.89e-08 1.00e+00 1.54e-10 0.00e+00 0.00e+00 0.00e+00 0.00e+00 0.00e+00 0.00e+00 0.00e+00 0.00e+00 0.00e+00 0.00e+00
 Sulphur    0  3.42e-08 1.00e+00 2.59e-11 0.00e+00 0.00e+00 0.00e+00 0.00e+00 0.00e+00 0.00e+00 0.00e+00 0.00e+00 0.00e+00 0.00e+00
 Chlorine   0  5.87e-08 1.00e+00 2.42e-11 0.00e+00 0.00e+00 0.00e+00 0.00e+00 0.00e+00 0.00e+00 0.00e+00 0.00e+00 0.00e+00 0.00e+00
 Argon      0  1.00e+00 1.06e-06 1.23e-15 0.00e+00 0.00e+00 0.00e+00 0.00e+00 0.00e+00 0.00e+00 0.00e+00 0.00e+00 0.00e+00 0.00e+00
 Potassium  0  1.27e-07 1.00e+00 4.93e-11 0.00e+00 