                                                          Cloudy 23.01
                                                         www.nublado.org

                                                  PRNG seed: 0x1b879b3cb6694521

                       **************************************23Jul25**************************************
                       *                                                                                 *
                       * title cloudy metal1e-3-1Myr                                                     *
                       * set punch prefix "cloudy_metal1e-3-1Myr"                                        *
                       * radius = 16.699                                                                 *
                       * hden = 4.000                                                                    *
                       * filling factor = 1.0                                                            *
                       * abundances hii no grains                                                        *
                       * metals 0.001                                                                    *
                       * distance = 68000000000.0 parsecs linear                                         *
                       * no molecules                                                                    *
                       * no level2 lines                                                                 *
                       * no fine opacities                                                               *
                       * atom h-like levels small                                                        *
                       * atom he-like levels small                                                       *
                       * COSMIC RAY BACKGROUND                                                           *
                       * element limit off -8                                                            *
                       * print line optical depth                                                        *
                       * table stars "./topheavy_metal1e-3-1Myr/starburst99.ascii" age=1e6 years         *
                       * #<< ./topheavy_m model    1 read.       Age =      10000.00                 >>> *
                       * #<< ./topheavy_m model    2 read.       Age =    2010000.00                 >>> *
                       * #<< FINAL:     Age =    1000000.00                                          >>> *
                       * luminosity total 38                                                             *
                       * iterate 10                                                                      *
                       * sphere                                                                          *
                       * save last radius ".rad"                                                         *
                       * save last continuum ".cont"                                                     *
                       * save last physical conditions ".phy"                                            *
                       * save last overview ".ovr"                                                       *
                       * save last heating ".heat"                                                       *
                       * save last cooling ".cool"                                                       *
                       * save last optical depth ".opd"                                                  *
                       * save last element hydrogen ".ele_H"                                             *
                       * save last element helium ".ele_He"                                              *
                       * save last element carbon ".ele_C"                                               *
                       * save last element nitrogen ".ele_N"                                             *
                       * save last element oxygen ".ele_O"                                               *
                       * save last element argon ".ele_Ar"                                               *
                       * save last element neon ".ele_Ne"                                                *
                       * save last element sulphur ".ele_S"                                              *
                       * save last element chlorin ".ele_Cl"                                             *
                       * save last element iron ".ele_Fe"                                                *
                       * save last element silicon ".ele_Si"                                             *
                       * save last lines emissivity  ".emis"                                             *
                       *                                                                                 *
                       ***********************************************************************************



 NOTE Setcon: continuum has zero intensity starting at  1.0050e+01 Ryd.
  2665 cells in the incident continuum have zero intensity.  Problems???

           9244CellPeak1.45E+00   Lo 3.04e-09=  29.98m   Hi-Con:7.13E+06 Ryd   E(hi):7.35E+06Ryd     E(hi):     100.00 MeV
           L(nu>1ryd):  37.6512   Average nu:1.656E+00   L( X-ray):   0.0000   L(BalC):  37.6418     Q(Balmer C):  48.5560
           Q(1.0-1.8):  47.9383   Q(1.8-4.0):  47.5714   Q(4.0-20):  43.8901   Q(20--):   0.0000     Ion pht flx:3.948E+13
           L(gam ray):   0.0000   Q(gam ray):   0.0000   L(Infred):  37.0561   Alf(ox):   0.0000     Total lumin:  38.0000
           log L/Lsun:   4.4170   Abs bol mg:  -6.3026   Abs V mag:  -2.9485   Bol cor:  -3.3541     nuFnu(Bbet):  36.6481
           U(1.0----):1.317E-01   U(4.0----):8.242E-06   T(En-Den):6.120E+01   T(Comp):4.431E+04     nuJnu(912A):1.382E+03
           Occ(FarIR):5.419E+03   Occ(H n=6):9.469E-10   Occ(1Ryd):6.814E-14   Occ(4R):8.340E-19     Occ (Nu-hi):0.000E+00
           Tbr(FarIR):2.605E+00   Tbr(H n=6):4.147E-06   Tbr(1Ryd):1.075E-08   Tbr(4R):5.275E-13     Tbr (Nu-hi):0.000E+00
  
                                                  Gas Phase Chemical Composition
                     H :  0.0000  He: -1.0223  C : -6.5229  N : -7.1549  O : -6.3979  Ne: -7.2218  S : -8.0000
 
 ####  1  Te:3.102E+04 Hden:1.000E+04 Ne:1.115E+04 R:5.000E+16 R-R0:6.477E+11 dR:1.295E+12 NTR:  7 Htot:1.649E-16 T912: 1.00e+08###
 Hydrogen      2.02e-05 1.00e+00 H+o/Hden 1.00e+00 0.00e+00 H-    H2 0.00e+00 0.00e+00 H2+ HeH+ 0.00e+00 Ho+ ColD 2.62e+11 1.30e+16
 Helium        2.46e-05 7.71e-01 2.29e-01 HeI 2s3S 6.06e-07 Comp H,C 7.06e-22 4.94e-22 Fill Fac 1.00e+00 Gam1/tot 9.94e-01
 He singlet n  2.40e-05 4.07e-12 9.51e-19 1.04e-18 6.18e-19 8.65e-19 He tripl 6.06e-07 3.48e-16 5.00e-18 2.25e-17 3.83e-18
 Pressure      NgasTgas 6.86e+08 P(total) 9.47e-08 P( gas ) 9.47e-08 P(Radtn) 0.00e+00 Rad accl 2.71e-04 ForceMul 7.92e+03
 Texc(La)      4.17e+03 T(I con) 6.12e+01 T(D con) 5.72e+00 T(U tot) 6.12e+01 nT (c+d) 1.62e+07 Prad/Gas 0.00e+00 Pmag/Gas 0.00e+00
 Lithium       0.00e+00 0.00e+00 0.00e+00 0.00e+00 Berylliu 0.00e+00 0.00e+00 0.00e+00 0.00e+00 0.00e+00 sec ion: 3.56e-17
 Carbon        3.85e-08 6.93e-04 3.07e-01 6.90e-01 2.62e-03 0.00e+00 0.00e+00 H2O+/O   0.00e+00 OH+/Otot 0.00e+00 Hex(tot) 0.00e+00
 Nitrogen      6.85e-09 1.87e-04 1.40e-01 8.60e-01 1.87e-05 0.00e+00 0.00e+00 0.00e+00 O2/Ototl 0.00e+00 O2+/Otot 0.00e+00
 Oxygen        1.59e-08 7.29e-04 9.11e-01 8.87e-02 2.94e-06 0.00e+00 0.00e+00 0.00e+00 0.00e+00
 Neon          5.46e-09 7.91e-04 9.81e-01 1.86e-02 0.00e+00 0.00e+00 0.00e+00 0.00e+00 0.00e+00 0.00e+00 0.00e+00
 Sulphur    0  1.11e-09 1.33e-04 9.49e-02 6.91e-01 2.14e-01 3.15e-06 0.00e+00 0.00e+00 0.00e+00 0.00e+00 0.00e+00 0.00e+00 0.00e+00
 ####342  Te:3.995E+03 Hden:1.000E+04 Ne:2.126E+01 R:2.952E+17 R-R0:2.452E+17 dR:1.341E+15 NTR: 12 Htot:1.178E-21 T912: 1.00e+08###
 Hydrogen      9.98e-01 2.13e-03 H+o/Hden 1.00e+00 0.00e+00 H-    H2 0.00e+00 0.00e+00 H2+ HeH+ 0.00e+00 Ho+ ColD 3.21e+20 2.14e+21
 Helium        1.00e+00 3.68e-06 3.53e-12 HeI 2s3S 4.97e-15 Comp H,C 1.82e-26 3.42e-27 Fill Fac 1.00e+00 Gam1/tot 2.93e-02
 He singlet n  1.00e+00 5.69e-19 1.51e-23 3.15e-26 7.82e-25 4.90e-26 He tripl 4.97e-15 5.13e-24 5.26e-26 6.36e-25 1.34e-25
 Pressure      NgasTgas 4.38e+07 P(total) 6.09e-09 P( gas ) 6.05e-09 P(Radtn) 4.15e-11 Rad accl 5.34e-06 ForceMul 2.87e+06
 Texc(La)      4.30e+03 T(I con) 2.17e+01 T(D con) 2.04e+01 T(U tot) 2.50e+01 nT (c+d) 1.02e+07 Prad/Gas 6.81e-03 Pmag/Gas 0.00e+00
 Lithium       0.00e+00 0.00e+00 0.00e+00 0.00e+00 Berylliu 0.00e+00 0.00e+00 0.00e+00 0.00e+00 0.00e+00 sec ion: 1.77e-16
 Carbon        2.52e-06 1.00e+00 1.80e-08 0.00e+00 0.00e+00 0.00e+00 0.00e+00 H2O+/O   0.00e+00 OH+/Otot 0.00e+00 Hex(tot) 0.00e+00
 Nitrogen      4.24e-01 5.76e-01 1.30e-11 0.00e+00 0.00e+00 0.00e+00 0.00e+00 0.00e+00 O2/Ototl 0.00e+00 O2+/Otot 0.00e+00
 Oxygen        9.98e-01 1.66e-03 5.34e-14 0.00e+00 0.00e+00 0.00e+00 0.00e+00 0.00e+00 0.00e+00
 Neon          1.00e+00 1.79e-05 1.71e-11 0.00e+00 0.00e+00 0.00e+00 0.00e+00 0.00e+00 0.00e+00 0.00e+00 0.00e+00
 Sulphur    0  1.88e-06 1.00e+00 5.96e-07 0.00e+00 0.00e+00 0.00e+00 0.00e+00 0.00e+00 0.00e+00 0.00e+00 0.00e+00 0.00e+00 0.00e+00
   cloudy metal1e-3-1Myr  
   Calculation stopped because lowest Te reached. Iteration 1 of 10
   The geometry is spherical.
  !Some input lines contained underscores, these were changed to spaces.
  !Suprathermal collisional ionization of H reached 97.20% of the local H ionization rate.
  !Charge transfer H => H+ reached 12343.5% of the local H ionization rate.
  !Charge transfer heating reached 13.61% of the local heating.
  !Destruction of He 2TriS reached 21.1% of the total He0 dest rate at zone 206, 21.1% of that was photoionization.
  !Continuum zero at some energies.
  !AGE: Cloud age was not set.  Longest timescale was 7.87e+12 s = 2.50e+05 years.
  !A physical process has been disabled.
  !The excitation temp of Lya exceeded the electron temp, largest value was 4.30e+03K (gas temp there was 3.99e+03K, zone 342)
  !The CMB was not included.  This is added with the CMB command.
  !The level2 lines are disabled.  UV pumping of excited levels within ground terms is not treated.
  !The radiation pressure jumped by 171% from 4.38e-09 (zone 50) to 4.39e-09 (zone 51) to 1.06e-08 (zone 52)
   Thermal collisional ionization of H reached 1.35% of the local ionization rate.
   Te-ne bounds of Case B lookup table exceeded, H I Case B line intensities set to zero.
   Photoionization of upper levels of [O III] reached 1.1% of the total O++ photo rate.
   The density is too low to l-mix the lowest H  I collapsed level.  More resolved levels are needed for accurate line ratios.
   The density is too low to l-mix the lowest He I collapsed level.  More resolved levels are needed for accurate line ratios.
   The largest continuum occupation number was 5.419e+03 at 3.045e-09 Ryd.
   Grains were not present but might survive in this environment (energy density temperature was 6.12e+01K)
   Stimulated emission was   2.4% of the total for H transition 24 - 23
   The continuum optical depth at the lowest energy considered (3.045e-09 Ryd) was 1.313e+04.
   The ratio of radiation to gas pressure reached 1.67e-01 at zone 52.  Caused by line number 2, label ISO   H  1                6562.80A

                       *********************************> Cloudy 23.01 <**********************************
                       * title cloudy metal1e-3-1Myr                                                     *
                       * set punch prefix "cloudy_metal1e-3-1Myr"                                        *
                       * radius = 16.699                                                                 *
                       * hden = 4.000                                                                    *
                       * filling factor = 1.0                                                            *
                       * abundances hii no grains                                                        *
                       * metals 0.001                                                                    *
                       * distance = 68000000000.0 parsecs linear                                         *
                       * no molecules                                                                    *
                       * no level2 lines                                                                 *
                       * no fine opacities                                                               *
                       * atom h-like levels small                                                        *
                       * atom he-like levels small                                                       *
                       * COSMIC RAY BACKGROUND                                                           *
                       * element limit off -8                                                            *
                       * print line optical depth                                                        *
                       * table stars "./topheavy_metal1e-3-1Myr/starburst99.ascii" age=1e6 years         *
                       * luminosity total 38                                                             *
                       * iterate 10                                                                      *
                       * sphere                                                                          *
                       * save last radius ".rad"                                                         *
                       * save last continuum ".cont"                                                     *
                       * save last physical conditions ".phy"                                            *
                       * save last overview ".ovr"                                                       *
                       * save last heating ".heat"                                                       *
                       * save last cooling ".cool"                                                       *
                       * save last optical depth ".opd"                                                  *
                       * save last element hydrogen ".ele_H"                                             *
                       * save last element helium ".ele_He"                                              *
                       * save last element carbon ".ele_C"                                               *
                       * save last element nitrogen ".ele_N"                                             *
                       * save last element oxygen ".ele_O"                                               *
                       * save last element argon ".ele_Ar"                                               *
                       * save last element neon ".ele_Ne"                                                *
                       * save last element sulphur ".ele_S"                                              *
                       * save last element chlorin ".ele_Cl"                                             *
                       * save last element iron ".ele_Fe"                                                *
                       * save last element silicon ".ele_Si"                                             *
                       * save last lines emissivity  ".emis"                                             *
                       * H  1  4861.33A                                                                  *
                       * H  1  6562.81A                                                                  *
                       * Ca B  5875.64A                                                                  *
                       * N  2  6583.45A                                                                  *
                       * N  2  5756.20A                                                                  *
                       * N  2  6585.30A                                                                  *
                       * O  1  6300.30A                                                                  *
                       * O  2  3726.03A                                                                  *
                       * O  2  3727.10A                                                                  *
                       * O  2  3729.80A                                                                  *
                       * O  2  3728.81A                                                                  *
                       * S  2  6716.44A                                                                  *
                       * S  2  6718.30A                                                                  *
                       * S  2  6730.82A                                                                  *
                       * S  2  6732.70A                                                                  *
                       * O  3  4364.40A                                                                  *
                       * O  3  5006.84A                                                                  *
                       * O  3  5008.20A                                                                  *
                       * BLND  4363.00A                                                                  *
                       * Cl 3  5517.71A                                                                  *
                       * Cl 3  5537.87A                                                                  *
                       * O  1  63.1679m                                                                  *
                       * O  1  145.495m                                                                  *
                       * C  2  157.636m                                                                  *
                       * end of lines                                                                    *
                       *********************************> Log(U): -0.88 <*********************************

                     Emission Line Spectrum.   Constant  Density Model.  Closed geometry.  Iteration 1 of 10.
                                    Luminosity (erg/s) emitted by a shell with full coverage.


                                                   Intrinsic line intensities
general properties.............................      H  1                13.1258m   34.211    0.0265      He 1                584.334A   35.533    0.5555
Inci                      0    38.000  162.9715      H  1                15.4046m   34.107    0.0209      He 1                537.030A   34.804    0.1038
TotH                      0    37.232   27.7724      H  1                17.8657m   34.011    0.0167      He 1                522.321A   33.931    0.0139
TotC                      0    37.232   27.7748      H  1                20.5091m   34.941    0.1423      He 1                515.672A   33.779    0.0098
BFH1                      0    37.174   24.3013      He 2                227.838A   33.403    0.0041      He 1                512.130A   33.702    0.0082
BFHe                      0    36.328    3.4645      He 1                504.259A   36.409    4.1829      He 1                510.018A   33.655    0.0074
CT H                      0    33.557    0.0059      He 1                2599.69A   35.002    0.1638      He 1                508.657A   33.622    0.0068
H FB                      0    36.380    3.9105      He 1                3120.85A   34.475    0.0487      He 1                507.727A   33.595    0.0064
HFBc                      0    36.380    3.9105      He 1                3421.00A   34.407    0.0416      He 1                507.065A   33.579    0.0062
H  1c                     0    37.017   16.9286      He 1                3420.88A   34.884    0.1247      He 1                506.576A   33.576    0.0061
He 2c                     0    33.190    0.0025      He 1                3420.88A   35.106    0.2078      He 1                506.204A   33.607    0.0066
He 1c                     0    36.011    1.6719      He 1                3678.70A   34.663    0.0750      He 1                505.916A   34.207    0.0263
C  2c                     0    32.971    0.0015      He 1                6632.16A   34.168    0.0240      He 1                1.08291m   34.675    0.0772
C  3c                     0    34.441    0.0450      He 1                7435.20A   33.716    0.0085      He 1                1.08303m   35.421    0.4298
N  4c                     0    33.229    0.0028      He 1                7843.40A   34.673    0.0768      He 1                1.08303m   35.808    1.0468
Ne 3c                     0    33.516    0.0053      He 1                8188.35A   34.342    0.0358      Blnd                1.08302m   35.979    1.5537
O  2c                     0    33.180    0.0025      He 1                8190.64A   33.850    0.0115      He 1                3888.64A   34.443    0.0452
O  3c                     0    34.749    0.0914      He 1                8261.30A   34.029    0.0174      He 1                3163.94A   33.273    0.0031
S  3c                     0    33.515    0.0053      He 1                1.45783m   34.602    0.0652      He 1                2934.64A   33.213    0.0027
C  4c                     0    34.295    0.0322      He 1                2.27786m   34.318    0.0339      He 1                2823.48A   33.145    0.0023
N  3c                     0    33.279    0.0031      He 1                3.28012m   34.085    0.0198      He 1                2760.44A   33.057    0.0019
S  4c                     0    33.059    0.0019      He 1                4.46460m   33.888    0.0126      He 1                2721.00A   32.962    0.0015
continua.......................................      He 1                5.83132m   33.716    0.0085      He 1                2694.61A   32.868    0.0012
Bac                 3646.00A   36.783    9.8866      He 1                7.38026m   33.564    0.0060      He 1                2644.33A   33.225    0.0027
nFnu                3645.00A   36.971   15.2589      He 1                9.11143m   33.428    0.0044      He 1                5015.68A   33.725    0.0087
nFnu                3647.00A   36.518    5.3723      He 1                11.0248m   33.305    0.0033      He 1                3970.98A   32.788    0.0010
cout                3646.00A   36.783    9.8866      He 1                13.1205m   33.192    0.0025      He 1                7065.71A   34.160    0.0236
thin                3646.00A   36.783    9.8905      He 1                15.3983m   34.108    0.0209      He 1                7065.22A   34.637    0.0707
Inci                4860.00A   36.648    7.2489      grains.........................................      He 1                7065.18A   34.859    0.1178
Inci                1367.00A   37.629   69.3527      H-like iso-sequence............................      Blnd                7065.25A   35.114    0.2121
Inci                2066.00A   37.348   36.3142      Cool                1215.67A   36.779    9.7941      He 1                5875.98A   34.253    0.0292
Inci                1215.00A   37.653   73.3584      Crst                960.000A   36.641    7.1343      He 1                5875.64A   34.730    0.0876
Ba C                      0    36.349    3.6430      CION                      0    35.446    0.4553      He 1                5875.61A   34.952    0.1460
PA C                      0    35.904    1.3072      Dest                1215.67A   33.972    0.0153      Blnd                5875.66A   35.208    0.2628
FIR                 83.0000m   36.664    7.5139      Q(H)                4861.32A   35.770    0.9602      He 1                4469.98A   33.063    0.0019
TIR                 1800.00m   34.481    0.0494      Q(H)                1215.67A   37.307   33.0327      He 1                4469.78A   33.540    0.0056
NIRa                2.85000m   36.903   13.0357      CaBo                4861.32A   35.743    0.9010      He 1                4469.77A   33.762    0.0094
NIRb                3.00000m   36.586    6.2834      Ca A                937.803A   35.528    0.5491      Blnd                4469.79A   34.017    0.0169
MIRa                15.0000m   36.195    2.5556      Ca A                930.748A   35.324    0.3438      He 1                4025.61A   32.935    0.0014
MIRb                22.5000m   36.383    3.9390      Ca A                926.226A   35.149    0.2298      He 1                4025.45A   33.412    0.0042
NMIR                21.7500m   36.903   13.0357      Ca A                923.150A   34.996    0.1616      He 1                4025.44A   33.634    0.0070
TFIR                611.250m   36.153    2.3193      Ca A                920.963A   34.861    0.1183      Blnd                4025.46A   33.889    0.0126
TALL                10000.0A   37.996  161.6071      Ca A                919.351A   34.741    0.0897      He 1                3819.36A   32.835    0.0011
F12                 12.0000m   35.712    0.8401      Ca A                918.129A   34.634    0.0701      He 1                3819.21A   33.312    0.0033
F25                 25.0000m   35.827    1.0954      Ca A                917.181A   34.539    0.0564      He 1                3819.20A   33.534    0.0056
F60                 60.0000m   36.266    3.0064      Ca A                916.429A   34.455    0.0465      Blnd                3819.22A   33.789    0.0100
F100                100.000m   36.075    1.9348      Ca A                915.824A   34.381    0.0392      He 1                3704.76A   33.206    0.0026
MIPS                24.0000m   35.513    0.5313      Ca A                3970.07A   34.784    0.0991      He 1                3704.75A   33.427    0.0044
MIPS                70.0000m   35.907    1.3141      Ca A                3889.05A   34.607    0.0659      Blnd                3704.77A   33.683    0.0078
MIPS                160.000m   35.679    0.7789      Ca A                3835.38A   34.451    0.0460      He 1                3634.08A   33.099    0.0020
IRAC                3.60000m   35.302    0.3266      Ca A                3797.90A   34.312    0.0334      He 1                3634.07A   33.321    0.0034
IRAC                4.50000m   35.348    0.3635      Ca A                3770.63A   34.187    0.0251      Blnd                3634.09A   33.576    0.0061
IRAC                5.80000m   35.253    0.2918      Ca A                3750.15A   34.073    0.0193      He 1                3587.16A   32.998    0.0016
IRAC                8.00000m   35.455    0.4648      Ca A                3734.37A   33.968    0.0151      He 1                3587.15A   33.219    0.0027
SPR1                250.000m   35.264    0.2993      Ca A                3721.94A   33.871    0.0121      Blnd                3587.17A   33.475    0.0049
SPR2                350.000m   34.840    0.1126      Ca A                3711.97A   33.781    0.0098      He 1                3554.34A   32.907    0.0013
SPR3                500.000m   34.476    0.0488      Ca A                1.28181m   34.844    0.1137      He 1                3554.33A   33.128    0.0022
PAC1                70.0000m   35.969    1.5164      Ca A                1.09381m   34.595    0.0641      Blnd                3554.35A   33.384    0.0039
PAC2                100.000m   36.079    1.9569      Ca A                1.00494m   34.386    0.0397      He 1                3530.44A   32.833    0.0011
PAC3                160.000m   35.937    1.4086      Ca A                9545.97A   34.208    0.0263      He 1                3530.43A   33.055    0.0019
PAH                 3.30000m   34.495    0.0509      Ca A                9229.02A   34.051    0.0183      Blnd                3530.44A   33.310    0.0033
PAHC                3.23000m   34.185    0.0250      Ca A                9014.91A   33.912    0.0133      He 1                3512.47A   32.801    0.0010
PAHC                3.37000m   34.118    0.0214      Ca A                8862.79A   33.786    0.0100      He 1                3512.46A   33.023    0.0017
PAH                 6.20000m   34.778    0.0977      Ca A                8750.48A   33.671    0.0076      Blnd                3512.48A   33.279    0.0031
PAHC                5.65000m   34.806    0.1043      Ca A                8665.02A   33.565    0.0060      He 1                3498.73A   32.868    0.0012
PAH                 7.90000m   35.040    0.1786      Ca A                8598.40A   33.467    0.0048      He 1                3498.61A   33.345    0.0036
PAHC                6.90000m   35.023    0.1720      Ca A                8545.39A   33.375    0.0039      He 1                3498.60A   33.567    0.0060
PAH                 11.3000m   34.510    0.0528      Ca A                4.05115m   34.516    0.0535      Blnd                3498.62A   33.823    0.0108
PAHC                10.9000m   34.502    0.0518      Ca A                2.62515m   34.288    0.0316      He 1                7281.35A   34.099    0.0205
PAH                 11.8000m   34.727    0.0869      Ca A                2.16553m   34.083    0.0197      He 1                6678.15A   34.549    0.0577
PAHC                12.6500m   34.750    0.0918      Ca A                1.94456m   33.905    0.0131      He 1                4920.34A   33.402    0.0041
PAH                 13.3000m   34.766    0.0951      Ca A                1.81741m   33.748    0.0091      He 1                4387.26A   33.263    0.0030
PAHC                14.1000m   34.759    0.0936      Ca A                1.73621m   33.609    0.0066      He 1                4143.41A   33.156    0.0023
Bcon                3640.00A   37.895  127.9435      Ca A                1.68065m   33.482    0.0049      He 1                4009.05A   33.046    0.0018
Pcon                5000.00A   36.957   14.7635      Ca A                1.64072m   33.367    0.0038      He 1                3926.41A   32.937    0.0014
O3bn                5007.00A   35.318    0.3386      Ca A                1.61093m   33.261    0.0030      He 1                3871.69A   32.834    0.0011
HFFc                      0    36.374    3.8522      Ca A                1.58805m   33.162    0.0024      He 1                3768.74A   33.180    0.0025
H FF                      0    36.334    3.5154      Ca A                1.57007m   33.069    0.0019      He 1                4.29471m   34.104    0.0207
HeFF                      0    35.314    0.3359      Ca A                7.45782m   34.009    0.0167      He 1                1.21677m   32.807    0.0010
ToFF                      0    36.373    3.8512      Ca A                4.65251m   33.829    0.0110      He 1                1.69778m   33.931    0.0139
nFnu                9993.08m   32.793    0.0010      Ca A                3.73954m   33.657    0.0074      He 1                1.19625m   33.595    0.0064
nFnu                6917.22m   32.933    0.0014      Ca A                3.29609m   33.501    0.0052      He 1                1.03083m   33.332    0.0035
nFnu                122.400m   34.425    0.0434      Ca A                3.03837m   33.362    0.0038      He 1                9515.00A   33.120    0.0022
nInu                122.400m   36.485    4.9794      Ca A                2.87221m   33.236    0.0028      He 1                9062.34A   32.944    0.0014
nFnu                60.8322m   34.673    0.0767      Ca A                2.75752m   33.121    0.0022      He 1                8776.09A   32.796    0.0010
nInu                60.8322m   36.437    4.4568      Ca A                2.67440m   33.014    0.0017      He 1                8264.36A   33.054    0.0018
nFnu                41.2152m   34.810    0.1052      Ca A                2.61194m   32.915    0.0013      He 1                1.86814m   34.287    0.0316
nInu                41.2152m   36.325    3.4416      Ca A                2.56363m   32.823    0.0011      He 1                1.27839m   33.779    0.0098
nFnu                30.8695m   34.911    0.1328      Ca A                12.3685m   33.583    0.0062      He 1                1.09125m   33.443    0.0045
nInu                30.8695m   36.222    2.7185      Ca A                7.50045m   33.437    0.0045      He 1                1.00275m   33.191    0.0025
nFnu                24.7829m   34.988    0.1584      Ca A                5.90660m   33.289    0.0032      He 1                9526.01A   32.991    0.0016
nInu                24.7829m   36.143    2.2649      Ca A                5.12726m   33.152    0.0023      He 1                9210.23A   32.827    0.0011
nFnu                24.2998m   34.995    0.1609      Ca A                4.67124m   33.027    0.0017      He 1                8648.24A   33.054    0.0018
nInu                24.2998m   36.136    2.2276      Ca A                4.37526m   32.913    0.0013      He 1                1.86933m   33.805    0.0104
nFnu                22.8302m   35.015    0.1688      Ca A                4.16966m   32.807    0.0010      He 1                1.27894m   33.295    0.0032
nInu                22.8302m   36.114    2.1194      Ca A                19.0567m   33.214    0.0027      He 1                1.09166m   32.958    0.0015
nFnu                21.4199m   35.037    0.1776      Ca A                11.3056m   33.095    0.0020      He 1                1.90654m   33.411    0.0042
nInu                21.4199m   36.091    2.0109      Ca A                8.75768m   32.966    0.0015      He 1                1.29626m   33.055    0.0018
nFnu                21.1235m   35.043    0.1799      Ca A                7.50606m   32.844    0.0011      He 1                4.04953m   33.710    0.0084
nInu                21.1235m   36.085    1.9833      Ca A                27.7958m   32.890    0.0013      He 1                2.62409m   33.432    0.0044
nFnu                19.6199m   35.080    0.1958      Ca A                16.2047m   32.791    0.0010      He 1                2.16466m   33.206    0.0026
nInu                19.6199m   36.058    1.8629      Ca B                3970.07A   34.962    0.1493      He 1                1.94377m   33.022    0.0017
nFnu                17.6534m   35.117    0.2133      Ca B                3889.05A   34.782    0.0986      He 1                1.81668m   32.867    0.0012
nInu                17.6534m   36.017    1.6941      Ca B                3835.38A   34.624    0.0686      He 1                1.61028m   33.107    0.0021
nFnu                17.3700m   35.123    0.2162      Ca B                3797.90A   34.484    0.0497      He 1                7.45481m   33.104    0.0021
nInu                17.3700m   36.010    1.6683      Ca B                3770.63A   34.359    0.0372      He 1                4.65063m   32.904    0.0013
nFnu                15.6901m   35.158    0.2347      Ca B                3750.15A   34.245    0.0287      He 1                2.67332m   32.823    0.0011
nInu                15.6901m   35.969    1.5171      Ca B                3734.37A   34.142    0.0226      Ca B                2945.10A   34.231    0.0277
nFnu                14.6036m   35.186    0.2501      Ca B                3721.94A   34.047    0.0182      Ca B                3187.74A   34.584    0.0625
nInu                14.6036m   35.941    1.4226      Ca B                3711.97A   33.960    0.0149      Ca B                3613.64A   33.664    0.0075
nFnu                12.4300m   35.245    0.2863      Ca B                1.28181m   34.916    0.1343      Ca B                3888.64A   35.043    0.1799
nInu                12.4300m   35.876    1.2242      Ca B                1.09381m   34.670    0.0762      Ca B                3964.73A   33.965    0.0150
nFnu                11.4000m   35.274    0.3065      Ca B                1.00494m   34.462    0.0473      Ca B                4026.20A   34.194    0.0255
nInu                11.4000m   35.841    1.1305      Ca B                9545.97A   34.284    0.0313      Ca B                4120.82A   33.425    0.0043
nFnu                10.4600m   35.307    0.3306      Ca B                9229.02A   34.128    0.0219      Ca B                4387.93A   33.647    0.0072
nInu                10.4600m   35.807    1.0439      Ca B                9014.91A   33.989    0.0159      Ca B                4437.55A   32.942    0.0014
nFnu                9.48002m   35.340    0.3566      Ca B                8862.79A   33.863    0.0119      Ca B                4471.49A   34.554    0.0584
nInu                9.48002m   35.767    0.9540      Ca B                8750.48A   33.749    0.0092      Ca B                4713.16A   33.871    0.0121
nFnu                9.32488m   35.346    0.3612      Ca B                8665.02A   33.645    0.0072      Ca B                4921.93A   34.002    0.0164
nInu                9.32488m   35.761    0.9392      Ca B                8598.40A   33.549    0.0058      Ca B                5015.68A   34.380    0.0391
nFnu                8.21035m   35.393    0.4028      Ca B                8545.39A   33.460    0.0047      Ca B                5047.74A   33.346    0.0036
nInu                8.21035m   35.709    0.8331      Ca B                4.05115m   34.551    0.0579      Ca B                5875.64A   35.129    0.2192
nFnu                7.58000m   35.420    0.4284      Ca B                2.62515m   34.327    0.0346      Ca B                6678.15A   34.583    0.0624
nInu                7.58000m   35.676    0.7721      Ca B                2.16553m   34.125    0.0217      Ca B                7065.22A   34.718    0.0851
nFnu                7.05026m   35.451    0.4600      Ca B                1.94456m   33.948    0.0145      Ca B                7281.35A   33.970    0.0152
nInu                7.05026m   35.645    0.7199      Ca B                1.81741m   33.793    0.0101      Ca B                9463.58A   32.973    0.0015
nFnu                4.11370m   35.650    0.7280      Ca B                1.73621m   33.654    0.0073      Ca B                1.08303m   36.158    2.3445
nInu                4.11370m   35.527    0.5480      Ca B                1.68065m   33.528    0.0055      Ca B                1.19691m   33.198    0.0026
nFnu                2.32440m   35.845    1.1395      Ca B                1.64072m   33.414    0.0042      Ca B                1.25275m   33.089    0.0020
nInu                2.32440m   35.698    0.8138      Ca B                1.61093m   33.309    0.0033      Ca B                1.27849m   33.703    0.0082
nFnu                1.64313m   35.980    1.5556      Ca B                1.58805m   33.212    0.0027      Ca B                1.27905m   33.322    0.0034
nInu                1.64313m   35.881    1.2402      Ca B                1.57007m   33.122    0.0022      Ca B                1.70025m   33.404    0.0041
nFnu                1.48022m   36.005    1.6480      Ca B                7.45782m   34.035    0.0177      Ca B                1.86854m   34.153    0.0232
nInu                1.48022m   35.892    1.2697      Ca B                4.65251m   33.857    0.0117      Ca B                1.86972m   33.844    0.0114
nFnu                1.43649m   36.097    2.0385      Ca B                3.73954m   33.685    0.0079      Ca B                1.90894m   32.967    0.0015
nInu                1.43649m   36.055    1.8489      Ca B                3.29609m   33.532    0.0055      Ca B                1.95431m   32.855    0.0012
nFnu                1.11867m   36.152    2.3111      Ca B                3.03837m   33.393    0.0040      Ca B                2.05813m   34.618    0.0676
nInu                1.11867m   36.136    2.2269      Ca B                2.87221m   33.268    0.0030      Ca B                2.11202m   33.055    0.0018
nFnu                8329.68A   36.206    2.6190      Ca B                2.75752m   33.153    0.0023      extra Lyman....................................
nInu                8329.68A   36.195    2.5534      Ca B                2.67440m   33.048    0.0018      database lines.................................
nFnu                8078.61A   36.400    4.0893      Ca B                2.61194m   32.951    0.0015      C  2                1036.34A   33.120    0.0021
nInu                8078.61A   36.456    4.6618      Ca B                2.56363m   32.860    0.0012      C  2                1037.02A   33.269    0.0030
nFnu                6209.66A   36.436    4.4499      Ca B                12.3685m   33.606    0.0066      C  2                1334.53A   33.137    0.0022
nInu                6209.66A   36.519    5.3875      Ca B                7.50045m   33.460    0.0047      C  2                1335.71A   33.248    0.0029
nFnu                4885.36A   36.459    4.6936      Ca B                5.90660m   33.312    0.0033      C  3                1908.73A   33.980    0.0156
nInu                4885.36A   36.647    7.2238      Ca B                5.12726m   33.176    0.0024      C  3                1906.68A   34.085    0.0198
nFnu                3704.34A   36.499    5.1476      Ca B                4.67124m   33.052    0.0018      C  3                977.020A   34.070    0.0192
nInu                3704.34A   36.807   10.4448      Ca B                4.37526m   32.938    0.0014      C  3                386.203A   33.129    0.0022
nFnu                3587.67A   36.970   15.2132      Ca B                4.16966m   32.833    0.0011      N  4                1486.50A   32.808    0.0010
nInu                3587.67A   37.186   25.0048      Ca B                19.0567m   33.237    0.0028      N  4                1483.32A   32.932    0.0014
nFnu                2430.05A   36.925   13.7068      Ca B                11.3056m   33.116    0.0021      N  4                765.147A   33.417    0.0043
nInu                2430.05A   37.249   28.8877      Ca B                8.75768m   32.987    0.0016      Ne 3                3868.76A   33.305    0.0033
nFnu                2392.03A   36.923   13.6466      Ca B                7.50606m   32.865    0.0012      Ne 3                489.500A   32.912    0.0013
nInu                2392.03A   37.257   29.4339      Ca B                27.7958m   32.913    0.0013      Ne 3                491.045A   32.853    0.0012
nFnu                2071.34A   36.917   13.4765      Ca B                16.2047m   32.811    0.0011      O  1                1302.17A   32.788    0.0010
nInu                2071.34A   37.348   36.2879      H  1                2431.34A   36.694    8.0475      O  1                1304.86A   32.956    0.0015
nFnu                2052.68A   36.918   13.4877      H  1                1215.67A   37.414   42.3166      O  2                3726.03A   32.832    0.0011
nInu                2052.68A   37.346   36.1322      H  1                1025.72A   34.243    0.0285      O  3                4958.91A   34.083    0.0197
nFnu                1793.44A   36.931   13.9031      H  1                972.537A   34.162    0.0237      O  3                5006.84A   34.557    0.0588
nInu                1793.44A   37.449   45.7880      H  1                949.743A   34.127    0.0218      O  3                4363.21A   33.112    0.0021
nFnu                1585.12A   36.948   14.4712      H  1                937.803A   33.814    0.0106      O  3                1660.81A   33.047    0.0018
nInu                1585.12A   37.544   57.0238      H  1                930.748A   33.783    0.0099      O  3                1666.15A   33.514    0.0053
nFnu                1458.33A   36.945   14.3461      H  1                926.226A   33.755    0.0093      O  3                835.289A   33.399    0.0041
nInu                1458.33A   37.596   64.2698      H  1                923.150A   33.743    0.0090      O  3                833.749A   33.291    0.0032
nFnu                1356.96A   36.907   13.1624      H  1                920.963A   33.735    0.0088      O  3                835.092A   33.141    0.0023
nInu                1356.96A   37.630   69.5642      H  1                919.351A   33.731    0.0088      O  3                832.929A   33.190    0.0025
nFnu                1297.29A   36.823   10.8409      H  1                6562.80A   36.235    2.8023      O  3                833.715A   33.115    0.0021
nInu                1297.29A   37.652   73.1175      H  1                4861.32A   35.788    1.0000      O  3                702.900A   33.173    0.0024
nFnu                1262.79A   36.706    8.2811      H  1                4340.46A   35.465    0.4754      O  3                703.854A   33.428    0.0044
nInu                1262.79A   37.664   75.2373      H  1                4101.73A   35.204    0.2605      O  3                702.337A   33.179    0.0025
nFnu                1218.08A   36.298    3.2383      H  1                3970.07A   35.007    0.1656      O  3                702.896A   33.118    0.0021
nInu                1218.08A   37.650   72.8022      H  1                3889.05A   34.839    0.1126      O  3                703.851A   33.283    0.0031
nFnu                1196.33A   36.300    3.2483      H  1                3835.38A   34.695    0.0808      O  3                702.838A   33.222    0.0027
nInu                1196.33A   37.684   78.7239      H  1                3797.90A   34.569    0.0604      O  3                507.388A   33.169    0.0024
nFnu                1175.06A   36.302    3.2641      H  1                3770.63A   34.460    0.0469      O  3                507.680A   33.319    0.0034
nInu                1175.06A   37.686   79.0739      H  1                1.87510m   35.198    0.2571      O  3                508.178A   33.470    0.0048
nFnu                1143.64A   36.307    3.3064      H  1                1.28181m   34.923    0.1364      S  3                9068.62A   32.839    0.0011
nInu                1143.64A   37.712   83.9856      H  1                1.09381m   34.681    0.0782      S  3                9530.62A   33.239    0.0028
nFnu                1113.22A   36.314    3.3584      H  1                1.00494m   34.488    0.0501      C  4                1550.77A   33.943    0.0143
nInu                1113.22A   37.726   86.7257      H  1                9545.97A   34.322    0.0342      C  4                1548.19A   34.193    0.0254
nFnu                1103.23A   36.316    3.3734      H  1                9229.02A   34.179    0.0246      C  4                312.420A   32.926    0.0014
nInu                1103.23A   37.730   87.4429      H  1                9014.91A   34.053    0.0184      N  3                1749.67A   32.824    0.0011
nFnu                1073.86A   36.325    3.4406      H  1                8862.79A   33.944    0.0143      N  3                989.799A   33.174    0.0024
nInu                1073.86A   37.743   90.0908      H  1                4.05115m   34.515    0.0533      N  3                991.577A   33.325    0.0034
nFnu                1064.34A   36.328    3.4688      H  1                2.62515m   34.297    0.0323      N  3                764.351A   32.834    0.0011
nInu                1064.34A   37.746   90.7855      H  1                2.16553m   34.111    0.0210      N  3                685.515A   32.958    0.0015
nFnu                1035.92A   36.338    3.5510      H  1                1.94456m   33.949    0.0145      N  3                686.336A   32.796    0.0010
nInu                1035.92A   37.755   92.7719      H  1                1.81741m   33.807    0.0105      N  3                685.817A   33.192    0.0025
nFnu                1000.00A   36.354    3.6788      H  1                1.73621m   33.683    0.0079      S  4                10.5076m   32.881    0.0012
nInu                1000.00A   37.766   95.1544      H  1                1.68065m   33.575    0.0061      S  4                657.319A   32.871    0.0012
nFnu                925.144A   36.388    3.9821      H  1                7.45782m   33.967    0.0151      level 1 lines..................................
nInu                925.144A   37.678   77.6285      H  1                4.65251m   33.808    0.0105      recombination..................................
RRC............................................      H  1                3.73954m   33.653    0.0073      level2 lines...................................
H  1                911.753A   37.119   21.4511      H  1                3.29609m   33.515    0.0053      hyperfine structure............................
H  1                3645.98A   36.028    1.7363      H  1                3.03837m   33.393    0.0040      inner shell....................................
H  1                3645.98A   36.308    3.3093      H  1                2.87221m   33.286    0.0031      molecules......................................
H  1                8203.57A   35.336    0.3530      H  1                12.3685m   33.530    0.0055      bands..........................................
H  1                8203.57A   35.658    0.7407      H  1                7.50045m   33.402    0.0041      miscellaneous..................................
H  1                8203.57A   35.467    0.4780      H  1                5.90660m   33.272    0.0030      Blnd                1650.00A   34.042    0.0179
H  1                1.45842m   34.880    0.1237      H  1                5.12726m   33.153    0.0023      Blnd                1304.00A   33.265    0.0030
H  1                1.45842m   35.206    0.2622      H  1                4.67124m   33.048    0.0018      Blnd                2326.00A   32.831    0.0011
H  1                1.45842m   35.118    0.2137      H  1                19.0567m   33.160    0.0024      Blnd                1335.00A   33.566    0.0060
H  1                1.45842m   34.696    0.0809      H  1                11.3056m   33.057    0.0019      Blnd                1909.00A   34.337    0.0354
H  1                2.27878m   34.545    0.0572      H  1                8.75768m   32.945    0.0014      Blnd                1549.00A   34.387    0.0397
H  1                2.27878m   34.870    0.1208      H  1                7.50606m   32.843    0.0011      Blnd                1085.00A   33.036    0.0018
H  1                2.27878m   34.811    0.1054      H  1                27.7958m   32.841    0.0011      Blnd                1750.00A   33.137    0.0022
H  1                2.27878m   34.531    0.0553      Ca A                303.784A   33.507    0.0052      Blnd                990.000A   33.609    0.0066
H  1                2.27878m   33.972    0.0153      Ca A                256.317A   32.847    0.0011      Blnd                1486.00A   33.176    0.0024
H  1                3.28145m   35.104    0.2069      He 2                607.567A   34.555    0.0585      Blnd                3727.00A   32.996    0.0016
H  1                4.46642m   34.906    0.1312      He 2                303.784A   35.206    0.2617      Blnd                1666.00A   33.641    0.0071
H  1                5.83369m   34.734    0.0884      He 2                256.317A   33.399    0.0041      Blnd                5007.00A   34.683    0.0785
H  1                7.38326m   34.582    0.0623      He 2                1640.41A   33.822    0.0108      Blnd                835.000A   33.948    0.0145
H  1                9.11514m   34.446    0.0456      He-like iso-sequence...........................
H  1                11.0293m   34.323    0.0343      He 1                1202.81A   36.308    3.3129

                                                    Emergent line intensities
 Caution: emergent intensities are not reliable on the first iteration.
general properties.............................      H  1                11.3056m   33.057    0.0019      He 1                8264.36A   33.054    0.0018
continua.......................................      H  1                8.75768m   32.945    0.0014      He 1                1.86814m   34.287    0.0316
FIR                 83.0000m   36.664    7.5139      H  1                7.50606m   32.843    0.0011      He 1                1.27839m   33.779    0.0098
TIR                 1800.00m   34.481    0.0494      H  1                27.7958m   32.841    0.0011      He 1                1.09125m   33.443    0.0045
NIRa                2.85000m   36.903   13.0357      He 2                303.784A   35.189    0.2518      He 1                1.00275m   33.191    0.0025
NIRb                3.00000m   36.586    6.2834      He 2                256.317A   33.399    0.0041      He 1                9526.01A   32.991    0.0016
MIRa                15.0000m   36.195    2.5556      He 2                1640.41A   33.821    0.0108      He 1                9210.23A   32.827    0.0011
MIRb                22.5000m   36.383    3.9390      He-like iso-sequence...........................      He 1                8648.24A   33.054    0.0018
NMIR                21.7500m   36.903   13.0357      He 1                584.334A   35.413    0.4220      He 1                1.86933m   33.805    0.0104
TFIR                611.250m   36.153    2.3193      He 1                537.030A   34.703    0.0822      He 1                1.27894m   33.295    0.0032
TALL                10000.0A   37.995  160.9655      He 1                522.321A   33.894    0.0128      He 1                1.09166m   32.958    0.0015
F12                 12.0000m   35.712    0.8401      He 1                515.672A   33.741    0.0090      He 1                1.90654m   33.411    0.0042
F25                 25.0000m   35.827    1.0954      He 1                512.130A   33.660    0.0075      He 1                1.29626m   33.055    0.0018
F60                 60.0000m   36.266    3.0064      He 1                510.018A   33.609    0.0066      He 1                4.04953m   33.710    0.0084
F100                100.000m   36.075    1.9348      He 1                508.657A   33.571    0.0061      He 1                2.62409m   33.432    0.0044
MIPS                24.0000m   35.513    0.5313      He 1                507.727A   33.539    0.0056      He 1                2.16466m   33.206    0.0026
MIPS                70.0000m   35.907    1.3141      He 1                507.065A   33.518    0.0054      He 1                1.94377m   33.022    0.0017
MIPS                160.000m   35.679    0.7789      He 1                506.576A   33.508    0.0053      He 1                1.81668m   32.867    0.0012
IRAC                3.60000m   35.302    0.3266      He 1                506.204A   33.533    0.0056      He 1                1.61028m   33.107    0.0021
IRAC                4.50000m   35.348    0.3635      He 1                505.916A   34.128    0.0219      He 1                7.45481m   33.104    0.0021
IRAC                5.80000m   35.253    0.2918      He 1                1.08291m   34.675    0.0772      He 1                4.65063m   32.904    0.0013
IRAC                8.00000m   35.455    0.4648      He 1                1.08303m   35.421    0.4298      He 1                2.67332m   32.823    0.0011
SPR1                250.000m   35.264    0.2993      He 1                1.08303m   35.808    1.0468      extra Lyman....................................
SPR2                350.000m   34.840    0.1126      Blnd                1.08302m   35.979    1.5537      database lines.................................
SPR3                500.000m   34.476    0.0488      He 1                3888.64A   34.443    0.0452      C  2                1036.34A   33.119    0.0021
PAC1                70.0000m   35.969    1.5164      He 1                3163.94A   33.273    0.0031      C  2                1037.02A   33.268    0.0030
PAC2                100.000m   36.079    1.9569      He 1                2934.64A   33.213    0.0027      C  2                1334.53A   33.136    0.0022
PAC3                160.000m   35.937    1.4086      He 1                2823.48A   33.145    0.0023      C  2                1335.71A   33.246    0.0029
PAH                 3.30000m   34.495    0.0509      He 1                2760.44A   33.057    0.0019      C  3                1908.73A   33.979    0.0155
PAHC                3.23000m   34.185    0.0250      He 1                2721.00A   32.962    0.0015      C  3                1906.68A   34.084    0.0198
PAHC                3.37000m   34.118    0.0214      He 1                2694.61A   32.868    0.0012      C  3                977.020A   34.070    0.0191
PAH                 6.20000m   34.778    0.0977      He 1                2644.33A   33.225    0.0027      C  3                386.203A   33.100    0.0021
PAHC                5.65000m   34.806    0.1043      He 1                5015.68A   33.725    0.0087      N  4                1486.50A   32.807    0.0010
PAH                 7.90000m   35.040    0.1786      He 1                3970.98A   32.788    0.0010      N  4                1483.32A   32.932    0.0014
PAHC                6.90000m   35.023    0.1720      He 1                7065.71A   34.160    0.0236      N  4                765.147A   33.377    0.0039
PAH                 11.3000m   34.510    0.0528      He 1                7065.22A   34.637    0.0707      Ne 3                3868.76A   33.305    0.0033
PAHC                10.9000m   34.502    0.0518      He 1                7065.18A   34.859    0.1178      Ne 3                489.500A   32.865    0.0012
PAH                 11.8000m   34.727    0.0869      Blnd                7065.25A   35.114    0.2121      O  1                1304.86A   32.955    0.0015
PAHC                12.6500m   34.750    0.0918      He 1                5875.98A   34.253    0.0292      O  2                3726.03A   32.832    0.0011
PAH                 13.3000m   34.766    0.0951      He 1                5875.64A   34.730    0.0876      O  3                4958.91A   34.083    0.0197
PAHC                14.1000m   34.759    0.0936      He 1                5875.61A   34.952    0.1460      O  3                5006.84A   34.557    0.0588
Bcon                3640.00A   37.893  127.2540      Blnd                5875.66A   35.208    0.2628      O  3                4363.21A   33.112    0.0021
Pcon                5000.00A   36.957   14.7635      He 1                4469.98A   33.063    0.0019      O  3                1660.81A   33.046    0.0018
O3bn                5007.00A   35.318    0.3386      He 1                4469.78A   33.540    0.0056      O  3                1666.15A   33.513    0.0053
RRC............................................      He 1                4469.77A   33.762    0.0094      O  3                835.289A   33.324    0.0034
grains.........................................      Blnd                4469.79A   34.017    0.0169      O  3                833.749A   33.212    0.0027
H-like iso-sequence............................      He 1                4025.61A   32.935    0.0014      O  3                835.092A   33.032    0.0018
H  1                1215.67A   37.412   42.1224      He 1                4025.45A   33.412    0.0042      O  3                832.929A   33.091    0.0020
H  1                1025.72A   34.243    0.0285      He 1                4025.44A   33.634    0.0070      O  3                833.715A   33.010    0.0017
H  1                972.537A   34.162    0.0237      Blnd                4025.46A   33.889    0.0126      O  3                702.900A   33.114    0.0021
H  1                949.743A   34.127    0.0218      He 1                3819.36A   32.835    0.0011      O  3                703.854A   33.380    0.0039
H  1                937.803A   33.814    0.0106      He 1                3819.21A   33.312    0.0033      O  3                702.337A   33.112    0.0021
H  1                930.748A   33.782    0.0099      He 1                3819.20A   33.534    0.0056      O  3                702.896A   33.047    0.0018
H  1                926.226A   33.755    0.0093      Blnd                3819.22A   33.789    0.0100      O  3                703.851A   33.214    0.0027
H  1                923.150A   33.743    0.0090      He 1                3704.76A   33.206    0.0026      O  3                702.838A   33.157    0.0023
H  1                920.963A   33.734    0.0088      He 1                3704.75A   33.427    0.0044      O  3                507.388A   33.129    0.0022
H  1                919.351A   33.730    0.0088      Blnd                3704.77A   33.683    0.0078      O  3                507.680A   33.290    0.0032
H  1                6562.80A   36.235    2.8023      He 1                3634.08A   33.099    0.0020      O  3                508.178A   33.443    0.0045
H  1                4861.32A   35.788    1.0000      He 1                3634.07A   33.321    0.0034      S  3                9068.62A   32.839    0.0011
H  1                4340.46A   35.465    0.4754      Blnd                3634.09A   33.576    0.0061      S  3                9530.62A   33.239    0.0028
H  1                4101.73A   35.204    0.2605      He 1                3587.16A   32.998    0.0016      C  4                1550.77A   33.942    0.0143
H  1                3970.07A   35.007    0.1656      He 1                3587.15A   33.219    0.0027      C  4                1548.19A   34.192    0.0254
H  1                3889.05A   34.839    0.1126      Blnd                3587.17A   33.475    0.0049      C  4                312.420A   32.902    0.0013
H  1                3835.38A   34.695    0.0808      He 1                3554.34A   32.907    0.0013      N  3                1749.67A   32.823    0.0011
H  1                3797.90A   34.569    0.0604      He 1                3554.33A   33.128    0.0022      N  3                989.799A   33.174    0.0024
H  1                3770.63A   34.460    0.0469      Blnd                3554.35A   33.384    0.0039      N  3                991.577A   33.324    0.0034
H  1                1.87510m   35.198    0.2571      He 1                3530.44A   32.833    0.0011      N  3                685.515A   32.844    0.0011
H  1                1.28181m   34.923    0.1364      He 1                3530.43A   33.055    0.0019      N  3                685.817A   33.093    0.0020
H  1                1.09381m   34.681    0.0782      Blnd                3530.44A   33.310    0.0033      S  4                10.5076m   32.881    0.0012
H  1                1.00494m   34.488    0.0501      He 1                3512.47A   32.801    0.0010      S  4                657.319A   32.825    0.0011
H  1                9545.97A   34.322    0.0342      He 1                3512.46A   33.023    0.0017      level 1 lines..................................
H  1                9229.02A   34.179    0.0246      Blnd                3512.48A   33.279    0.0031      recombination..................................
H  1                9014.91A   34.053    0.0184      He 1                3498.73A   32.868    0.0012      level2 lines...................................
H  1                8862.79A   33.944    0.0143      He 1                3498.61A   33.345    0.0036      hyperfine structure............................
H  1                4.05115m   34.515    0.0533      He 1                3498.60A   33.567    0.0060      inner shell....................................
H  1                2.62515m   34.297    0.0323      Blnd                3498.62A   33.823    0.0108      molecules......................................
H  1                2.16553m   34.111    0.0210      He 1                7281.35A   34.099    0.0205      bands..........................................
H  1                1.94456m   33.949    0.0145      He 1                6678.15A   34.549    0.0577      miscellaneous..................................
H  1                1.81741m   33.807    0.0105      He 1                4920.34A   33.402    0.0041      Blnd                1650.00A   34.041    0.0179
H  1                1.73621m   33.683    0.0079      He 1                4387.26A   33.263    0.0030      Blnd                1304.00A   33.264    0.0030
H  1                1.68065m   33.575    0.0061      He 1                4143.41A   33.156    0.0023      Blnd                2326.00A   32.828    0.0011
H  1                7.45782m   33.967    0.0151      He 1                4009.05A   33.046    0.0018      Blnd                1335.00A   33.564    0.0060
H  1                4.65251m   33.808    0.0105      He 1                3926.41A   32.937    0.0014      Blnd                1909.00A   34.335    0.0353
H  1                3.73954m   33.653    0.0073      He 1                3871.69A   32.834    0.0011      Blnd                1549.00A   34.386    0.0396
H  1                3.29609m   33.515    0.0053      He 1                3768.74A   33.180    0.0025      Blnd                1085.00A   33.035    0.0018
H  1                3.03837m   33.393    0.0040      He 1                4.29471m   34.104    0.0207      Blnd                1750.00A   33.136    0.0022
H  1                2.87221m   33.286    0.0031      He 1                1.21677m   32.807    0.0010      Blnd                990.000A   33.609    0.0066
H  1                12.3685m   33.530    0.0055      He 1                1.69778m   33.931    0.0139      Blnd                1486.00A   33.175    0.0024
H  1                7.50045m   33.402    0.0041      He 1                1.19625m   33.595    0.0064      Blnd                3727.00A   32.996    0.0016
H  1                5.90660m   33.272    0.0030      He 1                1.03083m   33.332    0.0035      Blnd                1666.00A   33.640    0.0071
H  1                5.12726m   33.153    0.0023      He 1                9515.00A   33.120    0.0022      Blnd                5007.00A   34.683    0.0785
H  1                4.67124m   33.048    0.0018      He 1                9062.34A   32.944    0.0014      Blnd                835.000A   33.857    0.0117
H  1                19.0567m   33.160    0.0024      He 1                8776.09A   32.796    0.0010



 cloudy metal1e-3-1Myr  
 Cooling:  HFBc                      0 :0.141 H  1c                     0 :0.609 He 1c                     0 :0.060 HFFc                      0 :0.139  
 Heating:  BFH1                      0 :0.875 BFHe                      0 :0.125  

 These are some of the most important databases used by Cloudy:
 Many recombination coefficients were taken from http://amdpp.phys.strath.ac.uk/tamoc/RR/ and http://amdpp.phys.strath.ac.uk/tamoc/DR/
      and are based on the following papers:
        Badnell N. R., et al., A&A 406, 1151 (2003) [http://adsabs.harvard.edu/abs/2003A%26A...406.1151B]
        Badnell N. R., ApJS 167, 334 (2006) [http://adsabs.harvard.edu/abs/2006ApJS..167..334B]
 Much of the molecular emission data is from LAMDA as accessed on June 30, 2015. This database is described in:
        Schoeier F.L., et al., A&A 432, 369 (2005) [http://adsabs.harvard.edu/abs/2005A%26A...432..369S]
      This database is in part based on the work of the following groups:
        JPL: Pickett H. M. et al., JQSRT, 60, 883 (1998). [http://adsabs.harvard.edu/abs/1998JQSRT..60..883P]
        CDMS: Mueller H. S. et al., A&A 370, L49 (2001). [http://adsabs.harvard.edu/abs/2001A%26A...370L..49M]
              Mueller H. S. et al., J. Mol. Struct. 742, 215 (2005). [http://adsabs.harvard.edu/abs/2005JMoSt.742..215M]
 Some of the ionic emission data is from version 10.0.1 of CHIANTI. CHIANTI is a collaborative project involving the NRL (USA), the
      Universities of Florence (Italy) and Cambridge (UK), and George Mason University (USA). These papers describe Chianti:
        Dere K. P., et al., A&AS, 125, 149 (1997) [http://adsabs.harvard.edu/abs/1997A%26AS..125..149D]
        Landi E., et al., ApJ, 744, 99 (2012) [http://adsabs.harvard.edu/abs/2012ApJ...744...99L]
 Much of the H_2 data is from this web site: http://molat.obspm.fr/index.php?page=pages/Molecules/H2/H2can94.php. These data are
      described in:
        Abgrall H. et al., Can. J. Phys., 72, 856 (1994) [http://adsabs.harvard.edu/abs/1994CaJPh..72..856A]
        Wrathmall S. A. & Flower D. R., J. Phys. B, 40, 3221 (2007) [http://adsabs.harvard.edu/abs/2007JPhB...40.3221W]
 The Case A and Case B recombination predictions for one-electron systems are from
	Storey, P.J. & Hummer, D.G., 1995, MNRAS 272, 41 http://adsabs.harvard.edu/abs/1995MNRAS.272...41S
 The He I recombination predictions are from
	Porter, R. L.; Ferland, G. J.; Storey, P. J.; Detisch, M. J., 2012, MNRAS, 425, 28p http://adsabs.harvard.edu/abs/2012MNRAS.425L..28P
		http://adsabs.harvard.edu/abs/2013MNRAS.433L..89P

 If you find some process or data set to be particularly critical to a result, please follow the trail of references back to the
 original source and cite that.  This will support and encourage atomic, molecular, and chemical physicists to continue their
 valuable work.

 IONIZE PARMET:  U(1-) -0.8805  U(4-): -5.0840  U(sp): -2.33  Q(ion):   27.563  L(ion) 17.167    Q(low): 50.502    L(low) 37.992
 ENERGY BUDGET:  Heat:  37.232  Coolg:  37.232  Error:  0.0%  Rec Lin:  36.846  F-F  H  0.000    P(rad/tot)max     1.67E-01    R(F Con):1.737e+05

     Col(Heff):      2.841E+20  snd travl time  1.80E+11 sec  Te-low: 3.99E+03  Te-hi: 3.10E+04  G0TH85: 6.82E+05  G0DB96:8.56E+05
  Emiss Measure    n(e)n(p) dl       2.329E+25  n(e)n(He+)dl         2.215E+24  En(e)n(He++) dl         3.562E+21  ne nC+:1.91E+17
 He/Ha:1.94E-01  =   2.04*true  Lthin:3.07E+01  itr/zn: 5.23  H2 itr/zn:  0.00  File Opacity: F  MassTot 2.49e+33  (gm)
   Temps(21 cm)   T(21cm/Ly a)  4.00E+03        T(<nH/Tkin>)  5.40E+03          T(<nH/Tspin>)    4.29E+03          TB21cm:1.06E+01
                   N(H0/Tspin)  7.49E+16        N(OH/Tkin)    0.00E+00          B(21cm)          0.00E+00
   <a>:1.56E-06  erdeFe0.0E+00  Tcompt1.49E+04  Tthr7.87E+12  <Tden>: 2.01E+04  <dens>:2.31E-20  <MolWgt>7.14E-01
     Mean Jeans  l(cm)5.19E+19  M(sun)8.48E+05  smallest:     len(cm):2.32E+19  M(sun):7.53E+04  a_ox tran:  0.00
 Rion:2.641E+17  Dist:2.10E+29  Diam:5.192E-07
 Hatom level 25  HatomType: add  HInducImp  F  He tot level: 23  He2 level:   25  ExecTime    11.3
 ConvrgError(%)  <eden>  0.053  MaxEden  0.257  <H-C>   0.14  Max(H-C)    0.48  <Press>   0.000  MaxPrs er  0.000
  Continuity(%)  chng Te   3.4  elec den   4.6  n(H2)    0.0  n(CO)        0.0

                                                        Averaged Quantities
             Te      Te(Ne)   Te(NeNp)  Te(NeHe+)Te(NeHe2+) Te(NeO+)  Te(NeO2+)  Te(H2)     N(H)     Ne(O2+)   Ne(Np)
 Radius:  2.01e+04  2.22e+04  2.23e+04  2.22e+04  3.07e+04  1.58e+04  2.25e+04  0.00e+00  1.00e+04  1.09e+04  1.09e+04
   Area:  1.75e+04  2.07e+04  2.08e+04  2.07e+04  3.07e+04  1.54e+04  2.11e+04  0.00e+00  1.00e+04  1.09e+04  1.09e+04
 Volume:  1.55e+04  1.96e+04  1.97e+04  1.96e+04  3.07e+04  1.51e+04  2.00e+04  0.00e+00  1.00e+04  1.09e+04  1.08e+04
 
 Peimbert T(OIIIr)1.76E+04 T(Bac)2.30E+04 T(Hth)0.00E+00 t2(Hstrc) 2.59e-02 T(O3-BAC)0.00E+00 t2(O3-BC) 0.00e+00 t2(O3str) 2.10e-02

 Contin Optical Depths: COMP: 1.56e-03    H-: 0.00e+00 R(1300): 2.16e-03  H2+: 0.00e+00  Bra:7.79E-04
                          Pa: 7.79e-04    Ba: 7.79e-04      Hb: 7.79e-04   La: 2.66e+00     1r:5.004E+07  1.8:1.18E+07 4.:1.715E+06


                                                 Mean Line Optical Depths
Species Wavelength  Total     Single        Species Wavelength  Total     Single        Species Wavelength  Total     Single        
H  1                1215.67A  4.55e+07  5.95e-08      H  1                1215.67A  4.55e+07  4.55e+07
H  1                1025.72A  7.29e+06  7.29e+06      H  1                972.537A  2.53e+06  2.53e+06
H  1                949.743A  1.19e+06  1.19e+06      H  1                937.803A  6.57e+05  6.57e+05
H  1                930.748A  4.03e+05  4.03e+05      H  1                926.226A  2.65e+05  2.65e+05
H  1                923.150A  1.84e+05  1.84e+05      H  1                920.963A  1.33e+05  1.33e+05
H  1                919.351A  9.92e+04  9.92e+04      H  1                918.129A  7.60e+04  7.60e+04
H  1                917.181A  5.96e+04  5.96e+04      H  1                916.429A  4.75e+04  4.75e+04
H  1                915.824A  3.86e+04  3.86e+04      H  1                36.4606m -1.25e-05 -1.25e-05
H  1                111.826m -3.57e-05 -3.57e-05      H  1                61.8935m -7.73e-05 -7.73e-05
H  1                138.613m -1.36e-03 -1.36e-03      He 2                303.784A  7.23e+06  6.05e-07
He 2                303.784A  7.23e+06  7.23e+06      He 2                256.317A  1.16e+06  1.16e+06
He 2                243.027A  4.03e+05  4.03e+05      He 2                237.331A  1.89e+05  1.89e+05
He 2                234.347A  1.05e+05  1.05e+05      He 2                232.584A  6.40e+04  6.40e+04
He 2                231.454A  4.21e+04  4.21e+04      He 2                230.686A  2.92e+04  2.92e+04
He 2                230.139A  2.11e+04  2.11e+04      He 2                229.736A  1.58e+04  1.58e+04
He 2                229.431A  1.21e+04  1.21e+04      He 2                229.194A  9.47e+03  9.47e+03
He 2                229.006A  7.56e+03  7.56e+03      He 2                228.855A  6.13e+03  6.13e+03
He 1                625.563A  2.68e+06  2.32e-07      He 1                601.404A  2.68e+06  5.41e-24
He 1                591.409A  2.68e+06  5.14e-24      He 1                591.412A  2.68e+06  2.74e-01
He 1                591.412A  2.68e+06  8.40e-04      He 1                584.334A  2.68e+06  2.68e+06
He 1                538.896A  6.54e+05  5.19e-02      He 1                537.331A  6.54e+05  7.80e+00
He 1                537.030A  6.54e+05  6.54e+05      He 1                522.321A  2.59e+05  2.59e+05
He 1                515.672A  1.29e+05  1.29e+05      He 1                512.130A  7.33e+04  7.33e+04
He 1                510.018A  4.57e+04  4.57e+04      He 1                508.657A  3.04e+04  3.04e+04
He 1                507.727A  2.13e+04  2.13e+04      He 1                507.065A  1.55e+04  1.55e+04
He 1                506.576A  1.16e+04  1.16e+04      He 1                506.204A  8.91e+03  8.91e+03
He 1                505.916A  7.00e+03  7.00e+03      He 1                1.08291m  7.24e+02  8.05e+01
He 1                1.08303m  7.24e+02  2.41e+02      He 1                1.08303m  7.24e+02  4.02e+02
He 1                8863.66A  7.24e+02  2.01e-05      He 1                4275.81A  3.11e+01  1.14e-14
He 1                3888.64A  3.11e+01  3.11e+01      He 1                3809.08A  3.11e+01  5.79e-04
He 1                3793.50A  3.11e+01  1.84e-07      He 1                3163.94A  9.96e+00  9.96e+00
He 1                2934.64A  4.51e+00  4.51e+00      He 1                2823.48A  2.44e+00  2.44e+00
He 1                2760.44A  1.47e+00  1.47e+00      He 1                2721.00A  9.56e-01  9.56e-01
He 1                2694.61A  6.58e-01  6.58e-01      He 1                2676.05A  4.72e-01  4.72e-01
He 1                2662.47A  3.45e-01  3.45e-01      He 1                2652.24A  2.64e-01  2.64e-01
He 1                2644.33A  2.06e-01  2.06e-01      He 1                2.05813m  7.24e+02  6.23e-03
He 1                5183.35A  3.11e+01  7.35e-11      He 1                5042.09A  3.11e+01  8.83e-09
He 1                5015.68A  3.11e+01  6.10e-04      He 1                3970.98A  9.96e+00  1.57e-04
He 1                3616.35A  4.51e+00  6.50e-05      He 1                3449.03A  2.44e+00  3.37e-05
He 1                3355.42A  1.47e+00  1.99e-05      He 1                3297.33A  9.56e-01  1.28e-05
He 1                3258.66A  6.58e-01  8.71e-06      He 1                3231.55A  4.72e-01  6.23e-06
He 1                3211.78A  3.45e-01  4.62e-06      He 1                3196.90A  2.64e-01  3.52e-06
He 1                3185.42A  2.06e-01  2.75e-06      He 1                1.01196c  7.24e+02 -6.50e-12
He 1                7065.71A  3.11e+01  1.38e-06      He 1                6067.47A  3.11e+01  1.43e-12
He 1                5875.98A  3.11e+01  1.01e-05      He 1                4469.98A  9.96e+00  1.67e-06
He 1                4025.61A  4.51e+00  5.74e-07      He 1                3819.36A  2.44e+00  2.72e-07
He 1                3704.90A  1.47e+00  1.52e-07      He 1                3634.21A  9.56e-01  9.48e-08
He 1                3587.29A  6.58e-01  6.33e-08      He 1                3554.46A  4.72e-01  4.45e-08
He 1                3530.56A  3.45e-01  3.24e-08      He 1                3512.59A  2.64e-01  2.45e-08
He 1                3498.73A  2.06e-01  1.90e-08      He 1                13.0811c  7.24e+02 -1.46e-11
He 1                7065.22A  3.11e+01  7.68e-06      He 1                6067.11A  3.11e+01  7.93e-12
He 1                5875.64A  3.11e+01  5.62e-05      He 1                4469.78A  9.96e+00  9.28e-06
He 1                4025.45A  4.51e+00  3.20e-06      He 1                3819.21A  2.44e+00  1.51e-06
He 1                3704.76A  1.47e+00  8.48e-07      He 1                3634.08A  9.56e-01  5.27e-07
He 1                3587.16A  6.58e-01  3.52e-07      He 1                3554.34A  4.72e-01  2.48e-07
He 1                3530.44A  3.45e-01  1.80e-07      He 1                3512.47A  2.64e-01  1.36e-07
He 1                3498.61A  2.06e-01  1.05e-07      He 1                7065.18A  3.11e+01  1.87e-05
He 1                6067.08A  3.11e+01  1.93e-11      He 1                5875.61A  3.11e+01  1.37e-04
He 1                4469.77A  9.96e+00  2.26e-05      He 1                4025.44A  4.51e+00  7.78e-06
He 1                3819.20A  2.44e+00  3.68e-06      He 1                3704.75A  1.47e+00  2.06e-06
He 1                3634.07A  9.56e-01  1.28e-06      He 1                3587.15A  6.58e-01  8.58e-07
He 1                3554.33A  4.72e-01  6.03e-07      He 1                3530.43A  3.45e-01  4.39e-07
He 1                3512.46A  2.64e-01  3.32e-07      He 1                3498.60A  2.06e-01  2.57e-07
He 1                7281.35A  3.11e+01 -5.41e-09      He 1                6678.15A  3.11e+01  3.17e-08
He 1                6631.90A  3.11e+01  4.52e-15      He 1                4920.34A  9.96e+00  6.54e-09
He 1                4387.26A  4.51e+00  2.12e-09      He 1                4143.41A  2.44e+00  9.72e-10
He 1                4009.05A  1.47e+00  5.35e-10      He 1                3926.41A  9.56e-01  3.29e-10
He 1                3871.69A  6.58e-01  2.18e-10      He 1                3833.48A  4.72e-01  1.53e-10
He 1                3805.69A  3.45e-01  1.11e-10      He 1                3784.82A  2.64e-01  8.34e-11
He 1                3768.74A  2.06e-01  6.30e-11      He 1                88.6944m -1.02e-04 -1.02e-04
C  2                687.053A  8.53e+00  8.53e+00      C  2                687.352A  1.48e+00  1.48e+00
C  2                858.092A  5.27e-01  5.27e-01      C  2                858.559A  8.96e-01  8.96e-01
C  2                903.623A  5.60e+00  5.60e+00      C  2                903.962A  1.12e+01  1.12e+01
C  2                904.142A  2.42e+01  2.42e+01      C  2                904.480A  4.86e+00  4.86e+00
C  2                1036.34A  4.59e+00  4.59e+00      C  2                1037.02A  7.87e+00  7.87e+00
C  2                1334.53A  6.41e+00  6.41e+00      C  2                1335.66A  1.10e+00  1.10e+00
C  2                1335.71A  9.95e+00  9.95e+00      C  3                977.020A  1.98e+02  1.98e+02
C  3                386.203A  1.77e+01  1.77e+01      C  3                385.043A  6.74e-01  6.74e-01
C  3                1175.26A  1.24e-01  1.24e-01      N  1                953.415A  1.04e-01  1.04e-01
N  1                953.655A  1.98e-01  1.98e-01      N  1                953.970A  2.67e-01  2.67e-01
N  1                963.990A  1.01e-01  1.01e-01      N  1                1134.17A  1.39e-01  1.39e-01
N  1                1134.41A  2.75e-01  2.75e-01      N  1                1134.98A  3.99e-01  3.99e-01
N  1                1199.55A  1.33e+00  1.33e+00      N  1                1200.22A  8.81e-01  8.81e-01
N  1                1200.71A  4.38e-01  4.38e-01      N  4                765.147A  1.42e+01  1.42e+01
N  4                247.205A  2.30e+00  2.30e+00      Ne 1                735.896A  2.48e+00  2.48e+00
Ne 1                743.720A  2.00e-01  2.00e-01      Ne 3                489.500A  7.37e+00  7.37e+00
Ne 3                488.108A  2.46e+00  2.46e+00      Ne 3                313.056A  1.35e+00  1.35e+00
Ne 3                490.311A  1.26e-01  1.26e-01      O  1                1025.76A  2.20e+00  2.20e+00
O  1                1025.76A  3.91e-01  3.91e-01      O  1                1027.43A  1.52e-01  1.52e-01
O  1                1028.16A  1.39e-01  1.39e-01      O  1                1039.23A  1.20e+00  1.20e+00
O  1                1302.17A  8.57e+00  8.57e+00      O  1                1304.86A  6.66e-01  6.66e-01
O  1                1306.03A  4.57e-01  4.57e-01      O  1                145.495m -2.80e-05 -2.80e-05
O  2                539.086A  6.93e-01  6.93e-01      O  2                539.547A  4.63e-01  4.63e-01
O  2                539.854A  2.32e-01  2.32e-01      O  2                718.505A  1.41e-01  1.41e-01
O  2                832.758A  7.51e-01  7.51e-01      O  2                833.330A  1.50e+00  1.50e+00
O  2                834.465A  2.25e+00  2.25e+00      O  3                88.3323m -1.08e-05 -1.08e-05
O  3                835.289A  1.94e+01  1.94e+01      O  3                833.749A  1.43e+01  1.43e+01
O  3                835.092A  3.30e+00  3.30e+00      O  3                832.929A  6.23e+00  6.23e+00
O  3                833.715A  4.64e+00  4.64e+00      O  3                835.059A  2.14e-01  2.14e-01
O  3                702.900A  9.08e+00  9.08e+00      O  3                703.854A  2.06e+01  2.06e+01
O  3                702.337A  7.19e+00  7.19e+00      O  3                702.896A  5.69e+00  5.69e+00
O  3                703.851A  6.79e+00  6.79e+00      O  3                702.838A  7.43e+00  7.43e+00
O  3                599.590A  1.90e-01  1.90e-01      O  3                507.388A  6.63e+00  6.63e+00
O  3                507.680A  2.04e+01  2.04e+01      O  3                508.178A  2.51e+01  2.51e+01
O  3                525.794A  1.31e-01  1.31e-01      S  2                1259.52A  1.09e-01  1.09e-01
S  2                912.736A  3.43e-01  3.43e-01      S  2                910.485A  6.88e-01  6.88e-01
S  5                786.468A  6.62e-01  6.62e-01      C  4                1550.77A  1.16e+01  1.16e+01
C  4                1548.19A  2.32e+01  2.32e+01      C  4                312.451A  1.67e+00  1.67e+00
C  4                312.420A  3.34e+00  3.34e+00      C  4                244.911A  4.01e-01  4.01e-01
C  4                244.903A  8.02e-01  8.02e-01      N  2                1085.70A  5.71e-01  5.71e-01
N  2                1084.58A  7.27e-01  7.27e-01      N  2                1083.99A  5.52e-01  5.52e-01
N  2                1084.56A  2.39e-01  2.39e-01      N  2                915.612A  6.80e-01  6.80e-01
N  2                916.020A  3.03e-01  3.03e-01      N  2                916.710A  2.11e-01  2.11e-01
N  2                916.012A  4.94e-01  4.94e-01      N  2                916.701A  6.37e-01  6.37e-01
N  2                915.962A  4.00e-01  4.00e-01      N  2                671.773A  1.31e-01  1.31e-01
N  2                671.411A  2.18e-01  2.18e-01      N  3                989.799A  2.09e+00  2.09e+00
N  3                991.511A  3.46e-01  3.46e-01      N  3                991.577A  3.16e+00  3.16e+00
N  3                763.334A  1.09e+00  1.09e+00      N  3                764.351A  1.78e+00  1.78e+00
N  3                685.515A  3.12e+00  3.12e+00      N  3                686.336A  1.34e+00  1.34e+00
N  3                684.998A  1.57e+00  1.57e+00      N  3                685.817A  6.62e+00  6.62e+00
N  3                451.871A  2.56e-01  2.56e-01      N  3                452.227A  4.31e-01  4.31e-01
S  4                1062.66A  3.07e-01  3.07e-01      S  4                809.656A  5.57e-01  5.57e-01
S  4                815.941A  1.08e-01  1.08e-01      S  4                748.393A  2.00e+00  2.00e+00
S  4                753.760A  1.53e-01  1.53e-01      S  4                744.904A  1.08e+00  1.08e+00
S  4                750.221A  6.95e-01  6.95e-01      S  4                657.319A  4.31e+00  4.31e+00
S  4                661.455A  1.21e-01  1.21e-01      S  4                661.396A  1.04e+00  1.04e+00
S  4                551.121A  2.95e-01  2.95e-01      

 Old, new H  1 continuum optical depths:
     1 1.00e+08     2 0.00e+00     3 0.00e+00     4 0.00e+00     5 0.00e+00     6 0.00e+00     7 0.00e+00     8 0.00e+00
     9 0.00e+00    10 0.00e+00    11 0.00e+00    12 0.00e+00    13 0.00e+00    14 0.00e+00
     1 5.00e+07     2 6.41e-07     3 2.14e-12     4 2.14e-12     5 2.14e-12     6 4.88e-12     7 4.88e-12     8 4.88e-12
     9 4.88e-12    10 1.23e-11    11 1.23e-11    12 1.23e-11    13 1.23e-11    14 1.23e-11

 Old, new H  1 mean line optical depths:
  2- 1 1.62e+20  3- 2 1.59e+01  4- 3 0.00e+00  5- 4 0.00e+00  6- 5 0.00e+00  7- 6 0.00e+00  8- 7 0.00e+00
  9- 8 0.00e+00 10- 9 0.00e+00 11-10 0.00e+00 12-11 0.00e+00 13-12 0.00e+00 14-13 0.00e+00 15-14 0.00e+00
  2- 1 4.55e+07  3- 2 3.71e-02  4- 3 6.90e-08  5- 4 5.32e-08  6- 5 7.22e-08  7- 6 2.44e-09  8- 7-2.56e-08
  9- 8-1.83e-07 10- 9-4.80e-07 11-10-1.25e-06 12-11-3.11e-06 13-12-9.30e-06 14-13-3.57e-05 15-14-1.36e-03

 Old, new He 2 continuum optical depths:
     1 3.43e+06     2 9.96e+07     3 0.00e+00     4 0.00e+00     5 0.00e+00     6 0.00e+00     7 0.00e+00     8 0.00e+00
     9 0.00e+00    10 0.00e+00    11 0.00e+00    12 0.00e+00    13 0.00e+00    14 0.00e+00
     1 1.72e+06     2 4.98e+07     3 9.14e-04     4 9.14e-04     5 9.14e-04     6 6.41e-07     7 6.41e-07     8 6.41e-07
     9 6.41e-07    10 2.23e-12    11 2.23e-12    12 2.23e-12    13 2.23e-12    14 2.23e-12

 Old, new He 2 mean line optical depths:
  2- 1 1.54e+19  3- 2 1.51e+00  4- 3 0.00e+00  5- 4 0.00e+00  6- 5 0.00e+00  7- 6 0.00e+00  8- 7 0.00e+00
  9- 8 0.00e+00 10- 9 0.00e+00 11-10 0.00e+00 12-11 0.00e+00 13-12 0.00e+00 14-13 0.00e+00 15-14 0.00e+00
  2- 1 7.23e+06  3- 2 2.87e-06  4- 3 1.35e-11  5- 4 2.33e-12  6- 5 1.53e-12  7- 6-1.37e-11  8- 7-3.91e-11
  9- 8-1.20e-10 10- 9-3.14e-10 11-10 1.73e-10 12-11-3.67e-10 13-12 1.88e-09 14-13-1.48e-09 15-14-3.85e-08

 Old He Is optical depths:    1 2.36e+07    2 0.00e+00    3 0.00e+00    4 0.00e+00    5 0.00e+00
 New He Is optical depths:    1 1.18e+07    2 1.18e-03    3 4.77e-07    4 5.62e-07    5 5.62e-07
          Old He Is Lines:  584 0.00e+00 3889 0.00e+00 5016 0.00e+00 5876 0.00e+00
          New He Is Lines:  584 2.68e+06 3889 3.11e+01 5016 3.11e+01 5876 3.11e+01
cloudy metal1e-3-1Myr  

